<?xml version="1.0" encoding="utf-8"?>
<CoverageSession xmlns:xsd="http://www.w3.org/2001/XMLSchema" xmlns:xsi="http://www.w3.org/2001/XMLSchema-instance">
  <Summary numSequencePoints="485" visitedSequencePoints="274" numBranchPoints="306" visitedBranchPoints="148" sequenceCoverage="56.49" branchCoverage="48.37" maxCyclomaticComplexity="21" minCyclomaticComplexity="1" visitedClasses="6" numClasses="18" visitedMethods="36" numMethods="132" />
  <Modules>
    <Module skippedDueTo="Filter" hash="E8-5D-0D-DF-48-0E-E1-36-C7-A9-9F-6C-BD-62-D5-34-9F-F0-17-FE">
      <ModulePath>C:\Windows\Microsoft.Net\assembly\GAC_64\mscorlib\v4.0_4.0.0.0__b77a5c561934e089\mscorlib.dll</ModulePath>
      <ModuleTime>2017-02-22T02:17:32.1365185Z</ModuleTime>
      <ModuleName>mscorlib</ModuleName>
      <Classes />
    </Module>
    <Module skippedDueTo="MissingPdb" hash="70-0A-8C-00-26-D7-8E-3A-41-3C-43-6D-01-3C-09-CC-C9-73-85-C0">
      <ModulePath>C:\Users\Jenei\Drive\VIK\6\Integrációs és ellenőrzési technikák\házi\EmailValidation\packages\NUnit.ConsoleRunner.3.6.1\tools\nunit3-console.exe</ModulePath>
      <ModuleTime>2017-03-06T18:27:00Z</ModuleTime>
      <ModuleName>nunit3-console</ModuleName>
      <Classes />
    </Module>
    <Module skippedDueTo="Filter" hash="4F-2D-57-51-8C-EB-A3-76-1B-CA-7F-0F-4C-1E-A5-88-77-48-84-05">
      <ModulePath>C:\Windows\Microsoft.Net\assembly\GAC_MSIL\System\v4.0_4.0.0.0__b77a5c561934e089\System.dll</ModulePath>
      <ModuleTime>2017-01-24T02:27:50.5038952Z</ModuleTime>
      <ModuleName>System</ModuleName>
      <Classes />
    </Module>
    <Module skippedDueTo="MissingPdb" hash="90-A5-CB-F1-B1-A1-C2-DE-2A-BF-0B-6F-28-E9-82-CA-41-44-09-3A">
      <ModulePath>C:\Users\Jenei\Drive\VIK\6\Integrációs és ellenőrzési technikák\házi\EmailValidation\packages\NUnit.ConsoleRunner.3.6.1\tools\nunit.engine.api.dll</ModulePath>
      <ModuleTime>2017-03-06T18:27:00Z</ModuleTime>
      <ModuleName>nunit.engine.api</ModuleName>
      <Classes />
    </Module>
    <Module skippedDueTo="MissingPdb" hash="96-DE-EF-3F-02-DC-0C-37-07-3E-B9-1D-D2-EF-F9-A2-D3-8E-11-00">
      <ModulePath>C:\Users\Jenei\Drive\VIK\6\Integrációs és ellenőrzési technikák\házi\EmailValidation\packages\NUnit.ConsoleRunner.3.6.1\tools\nunit.engine.dll</ModulePath>
      <ModuleTime>2017-03-06T18:27:00Z</ModuleTime>
      <ModuleName>nunit.engine</ModuleName>
      <Classes />
    </Module>
    <Module skippedDueTo="MissingPdb" hash="96-DE-EF-3F-02-DC-0C-37-07-3E-B9-1D-D2-EF-F9-A2-D3-8E-11-00">
      <ModulePath>C:\Users\Jenei\Drive\VIK\6\Integrációs és ellenőrzési technikák\házi\EmailValidation\packages\NUnit.ConsoleRunner.3.6.1\tools\nunit.engine.dll</ModulePath>
      <ModuleTime>2017-03-06T18:27:00Z</ModuleTime>
      <ModuleName>nunit.engine</ModuleName>
      <Classes />
    </Module>
    <Module skippedDueTo="Filter" hash="88-45-F0-9C-3C-9F-72-79-CB-6A-82-FA-D7-DB-C3-4A-59-80-3C-6B">
      <ModulePath>C:\Windows\Microsoft.Net\assembly\GAC_MSIL\System.Xml\v4.0_4.0.0.0__b77a5c561934e089\System.Xml.dll</ModulePath>
      <ModuleTime>2016-07-16T11:43:55.4992744Z</ModuleTime>
      <ModuleName>System.Xml</ModuleName>
      <Classes />
    </Module>
    <Module skippedDueTo="Filter" hash="11-98-E7-2B-6C-7D-11-C5-0F-66-CE-47-1E-CA-60-19-D0-EB-15-8B">
      <ModulePath>C:\Windows\Microsoft.Net\assembly\GAC_64\System.Web\v4.0_4.0.0.0__b03f5f7f11d50a3a\System.Web.dll</ModulePath>
      <ModuleTime>2017-02-22T02:17:32.9959633Z</ModuleTime>
      <ModuleName>System.Web</ModuleName>
      <Classes />
    </Module>
    <Module skippedDueTo="MissingPdb" hash="8A-2E-8F-D6-9D-39-02-4A-2F-30-FC-06-42-F7-0F-A8-32-69-07-72">
      <ModulePath>C:\Users\Jenei\Drive\VIK\6\Integrációs és ellenőrzési technikák\házi\EmailValidation\packages\NUnit.ConsoleRunner.3.6.1\tools\Mono.Cecil.dll</ModulePath>
      <ModuleTime>2017-03-06T18:27:00Z</ModuleTime>
      <ModuleName>Mono.Cecil</ModuleName>
      <Classes />
    </Module>
    <Module skippedDueTo="Filter" hash="A6-44-D7-5C-2C-AA-24-6D-2E-64-A4-48-13-C2-22-F5-E4-2D-CE-96">
      <ModulePath>C:\Windows\Microsoft.Net\assembly\GAC_MSIL\System.Runtime.Remoting\v4.0_4.0.0.0__b77a5c561934e089\System.Runtime.Remoting.dll</ModulePath>
      <ModuleTime>2016-07-16T11:43:55.4680251Z</ModuleTime>
      <ModuleName>System.Runtime.Remoting</ModuleName>
      <Classes />
    </Module>
    <Module skippedDueTo="Filter" hash="34-A3-5D-67-8E-E7-DB-60-FE-97-F3-BD-D4-E7-40-6B-00-DA-51-C8">
      <ModulePath>C:\Windows\Microsoft.Net\assembly\GAC_MSIL\System.Configuration\v4.0_4.0.0.0__b03f5f7f11d50a3a\System.Configuration.dll</ModulePath>
      <ModuleTime>2016-07-16T11:43:53.9992781Z</ModuleTime>
      <ModuleName>System.Configuration</ModuleName>
      <Classes />
    </Module>
    <Module skippedDueTo="Filter" hash="E8-5D-0D-DF-48-0E-E1-36-C7-A9-9F-6C-BD-62-D5-34-9F-F0-17-FE">
      <ModulePath>C:\Windows\Microsoft.Net\assembly\GAC_64\mscorlib\v4.0_4.0.0.0__b77a5c561934e089\mscorlib.dll</ModulePath>
      <ModuleTime>2017-02-22T02:17:32.1365185Z</ModuleTime>
      <ModuleName>mscorlib</ModuleName>
      <Classes />
    </Module>
    <Module skippedDueTo="MissingPdb" hash="75-5F-1A-C1-0E-E6-C9-A3-EC-A1-F0-6E-89-B4-98-86-0B-A8-B2-AD">
      <ModulePath>C:\Users\Jenei\Drive\VIK\6\Integrációs és ellenőrzési technikák\házi\EmailValidation\packages\NUnit.ConsoleRunner.3.6.1\tools\nunit-agent.exe</ModulePath>
      <ModuleTime>2017-03-06T18:27:00Z</ModuleTime>
      <ModuleName>nunit-agent</ModuleName>
      <Classes />
    </Module>
    <Module skippedDueTo="MissingPdb" hash="96-DE-EF-3F-02-DC-0C-37-07-3E-B9-1D-D2-EF-F9-A2-D3-8E-11-00">
      <ModulePath>C:\Users\Jenei\Drive\VIK\6\Integrációs és ellenőrzési technikák\házi\EmailValidation\packages\NUnit.ConsoleRunner.3.6.1\tools\nunit.engine.dll</ModulePath>
      <ModuleTime>2017-03-06T18:27:00Z</ModuleTime>
      <ModuleName>nunit.engine</ModuleName>
      <Classes />
    </Module>
    <Module skippedDueTo="MissingPdb" hash="90-A5-CB-F1-B1-A1-C2-DE-2A-BF-0B-6F-28-E9-82-CA-41-44-09-3A">
      <ModulePath>C:\Users\Jenei\Drive\VIK\6\Integrációs és ellenőrzési technikák\házi\EmailValidation\packages\NUnit.ConsoleRunner.3.6.1\tools\nunit.engine.api.dll</ModulePath>
      <ModuleTime>2017-03-06T18:27:00Z</ModuleTime>
      <ModuleName>nunit.engine.api</ModuleName>
      <Classes />
    </Module>
    <Module skippedDueTo="Filter" hash="4F-2D-57-51-8C-EB-A3-76-1B-CA-7F-0F-4C-1E-A5-88-77-48-84-05">
      <ModulePath>C:\Windows\Microsoft.Net\assembly\GAC_MSIL\System\v4.0_4.0.0.0__b77a5c561934e089\System.dll</ModulePath>
      <ModuleTime>2017-01-24T02:27:50.5038952Z</ModuleTime>
      <ModuleName>System</ModuleName>
      <Classes />
    </Module>
    <Module skippedDueTo="Filter" hash="A6-44-D7-5C-2C-AA-24-6D-2E-64-A4-48-13-C2-22-F5-E4-2D-CE-96">
      <ModulePath>C:\Windows\Microsoft.Net\assembly\GAC_MSIL\System.Runtime.Remoting\v4.0_4.0.0.0__b77a5c561934e089\System.Runtime.Remoting.dll</ModulePath>
      <ModuleTime>2016-07-16T11:43:55.4680251Z</ModuleTime>
      <ModuleName>System.Runtime.Remoting</ModuleName>
      <Classes />
    </Module>
    <Module skippedDueTo="Filter" hash="88-45-F0-9C-3C-9F-72-79-CB-6A-82-FA-D7-DB-C3-4A-59-80-3C-6B">
      <ModulePath>C:\Windows\Microsoft.Net\assembly\GAC_MSIL\System.Xml\v4.0_4.0.0.0__b77a5c561934e089\System.Xml.dll</ModulePath>
      <ModuleTime>2016-07-16T11:43:55.4992744Z</ModuleTime>
      <ModuleName>System.Xml</ModuleName>
      <Classes />
    </Module>
    <Module skippedDueTo="Filter" hash="11-98-E7-2B-6C-7D-11-C5-0F-66-CE-47-1E-CA-60-19-D0-EB-15-8B">
      <ModulePath>C:\Windows\Microsoft.Net\assembly\GAC_64\System.Web\v4.0_4.0.0.0__b03f5f7f11d50a3a\System.Web.dll</ModulePath>
      <ModuleTime>2017-02-22T02:17:32.9959633Z</ModuleTime>
      <ModuleName>System.Web</ModuleName>
      <Classes />
    </Module>
    <Module skippedDueTo="MissingPdb" hash="8A-2E-8F-D6-9D-39-02-4A-2F-30-FC-06-42-F7-0F-A8-32-69-07-72">
      <ModulePath>C:\Users\Jenei\Drive\VIK\6\Integrációs és ellenőrzési technikák\házi\EmailValidation\packages\NUnit.ConsoleRunner.3.6.1\tools\Mono.Cecil.dll</ModulePath>
      <ModuleTime>2017-03-06T18:27:00Z</ModuleTime>
      <ModuleName>Mono.Cecil</ModuleName>
      <Classes />
    </Module>
    <Module skippedDueTo="Filter" hash="34-A3-5D-67-8E-E7-DB-60-FE-97-F3-BD-D4-E7-40-6B-00-DA-51-C8">
      <ModulePath>C:\Windows\Microsoft.Net\assembly\GAC_MSIL\System.Configuration\v4.0_4.0.0.0__b03f5f7f11d50a3a\System.Configuration.dll</ModulePath>
      <ModuleTime>2016-07-16T11:43:53.9992781Z</ModuleTime>
      <ModuleName>System.Configuration</ModuleName>
      <Classes />
    </Module>
    <Module skippedDueTo="MissingPdb" hash="44-A5-5D-9F-25-12-81-88-20-D8-80-7E-0B-FB-4B-A7-54-EC-8C-B4">
      <ModulePath>C:\Users\Jenei\Drive\VIK\6\Integrációs és ellenőrzési technikák\házi\EmailValidation\UnitTests\bin\Debug\nunit.framework.dll</ModulePath>
      <ModuleTime>2017-02-25T09:53:22Z</ModuleTime>
      <ModuleName>nunit.framework</ModuleName>
      <Classes />
    </Module>
    <Module skippedDueTo="Filter" hash="4F-2D-57-51-8C-EB-A3-76-1B-CA-7F-0F-4C-1E-A5-88-77-48-84-05">
      <ModulePath>C:\Windows\Microsoft.Net\assembly\GAC_MSIL\System\v4.0_4.0.0.0__b77a5c561934e089\System.dll</ModulePath>
      <ModuleTime>2017-01-24T02:27:50.5038952Z</ModuleTime>
      <ModuleName>System</ModuleName>
      <Classes />
    </Module>
    <Module skippedDueTo="Filter" hash="0E-27-EE-48-18-43-E9-5B-DA-5C-9E-39-CB-7D-31-B7-EA-D9-09-31">
      <ModulePath>C:\Windows\Microsoft.Net\assembly\GAC_MSIL\System.Core\v4.0_4.0.0.0__b77a5c561934e089\System.Core.dll</ModulePath>
      <ModuleTime>2017-02-22T02:02:52.7009184Z</ModuleTime>
      <ModuleName>System.Core</ModuleName>
      <Classes />
    </Module>
    <Module skippedDueTo="Filter" hash="11-98-E7-2B-6C-7D-11-C5-0F-66-CE-47-1E-CA-60-19-D0-EB-15-8B">
      <ModulePath>C:\Windows\Microsoft.Net\assembly\GAC_64\System.Web\v4.0_4.0.0.0__b03f5f7f11d50a3a\System.Web.dll</ModulePath>
      <ModuleTime>2017-02-22T02:17:32.9959633Z</ModuleTime>
      <ModuleName>System.Web</ModuleName>
      <Classes />
    </Module>
    <Module hash="1E-D7-23-97-EB-C4-D9-0A-D0-65-24-54-A3-82-A6-93-DF-00-F1-69">
      <Summary numSequencePoints="89" visitedSequencePoints="89" numBranchPoints="34" visitedBranchPoints="34" sequenceCoverage="100" branchCoverage="100" maxCyclomaticComplexity="2" minCyclomaticComplexity="1" visitedClasses="4" numClasses="4" visitedMethods="18" numMethods="18" />
      <ModulePath>C:\Users\Jenei\Drive\VIK\6\Integrációs és ellenőrzési technikák\házi\EmailValidation\UnitTests\bin\Debug\UnitTests.dll</ModulePath>
      <ModuleTime>2017-04-25T12:06:52.752389Z</ModuleTime>
      <ModuleName>UnitTests</ModuleName>
      <Files>
        <File uid="1" fullPath="C:\Users\Jenei\Drive\VIK\6\Integrációs és ellenőrzési technikák\házi\EmailValidation\UnitTests\Test.cs" />
      </Files>
      <Classes>
        <Class>
          <Summary numSequencePoints="0" visitedSequencePoints="0" numBranchPoints="0" visitedBranchPoints="0" sequenceCoverage="0" branchCoverage="0" maxCyclomaticComplexity="0" minCyclomaticComplexity="0" visitedClasses="0" numClasses="0" visitedMethods="0" numMethods="0" />
          <FullName>&lt;Module&gt;</FullName>
          <Methods />
        </Class>
        <Class>
          <Summary numSequencePoints="84" visitedSequencePoints="84" numBranchPoints="29" visitedBranchPoints="29" sequenceCoverage="100" branchCoverage="100" maxCyclomaticComplexity="2" minCyclomaticComplexity="1" visitedClasses="1" numClasses="1" visitedMethods="13" numMethods="13" />
          <FullName>UnitTests.Test</FullName>
          <Methods>
            <Method visited="true" cyclomaticComplexity="2" nPathComplexity="2" sequenceCoverage="100" branchCoverage="100" isConstructor="false" isStatic="false" isGetter="false" isSetter="false">
              <Summary numSequencePoints="6" visitedSequencePoints="6" numBranchPoints="3" visitedBranchPoints="3" sequenceCoverage="100" branchCoverage="100" maxCyclomaticComplexity="2" minCyclomaticComplexity="2" visitedClasses="0" numClasses="0" visitedMethods="1" numMethods="1" />
              <MetadataToken>100663297</MetadataToken>
              <Name>System.Void UnitTests.Test::TestValidAddresses()</Name>
              <FileRef uid="1" />
              <SequencePoints>
                <SequencePoint vc="1" uspid="1" ordinal="0" offset="0" sl="156" sc="3" el="156" ec="4" bec="0" bev="0" fileid="1" />
                <SequencePoint vc="1" uspid="2" ordinal="1" offset="1" sl="157" sc="9" el="157" ec="18" bec="0" bev="0" fileid="1" />
                <SequencePoint vc="54" uspid="3" ordinal="2" offset="5" sl="158" sc="5" el="158" ec="120" bec="0" bev="0" fileid="1" />
                <SequencePoint vc="54" uspid="4" ordinal="3" offset="55" sl="157" sc="47" el="157" ec="50" bec="0" bev="0" fileid="1" />
                <SequencePoint vc="55" uspid="5" ordinal="4" offset="59" sl="157" sc="20" el="157" ec="45" bec="2" bev="2" fileid="1" />
                <SequencePoint vc="1" uspid="6" ordinal="5" offset="73" sl="159" sc="3" el="159" ec="4" bec="0" bev="0" fileid="1" />
              </SequencePoints>
              <BranchPoints>
                <BranchPoint vc="1" uspid="7" ordinal="0" offset="71" sl="157" path="0" offsetend="73" fileid="1" />
                <BranchPoint vc="54" uspid="8" ordinal="1" offset="71" sl="157" path="1" offsetend="5" fileid="1" />
              </BranchPoints>
              <MethodPoint xsi:type="SequencePoint" vc="1" uspid="1" ordinal="0" offset="0" sl="156" sc="3" el="156" ec="4" bec="0" bev="0" fileid="1" />
            </Method>
            <Method visited="true" cyclomaticComplexity="2" nPathComplexity="2" sequenceCoverage="100" branchCoverage="100" isConstructor="false" isStatic="false" isGetter="false" isSetter="false">
              <Summary numSequencePoints="6" visitedSequencePoints="6" numBranchPoints="3" visitedBranchPoints="3" sequenceCoverage="100" branchCoverage="100" maxCyclomaticComplexity="2" minCyclomaticComplexity="2" visitedClasses="0" numClasses="0" visitedMethods="1" numMethods="1" />
              <MetadataToken>100663298</MetadataToken>
              <Name>System.Void UnitTests.Test::TestInvalidAddresses()</Name>
              <FileRef uid="1" />
              <SequencePoints>
                <SequencePoint vc="1" uspid="9" ordinal="0" offset="0" sl="163" sc="3" el="163" ec="4" bec="0" bev="0" fileid="1" />
                <SequencePoint vc="1" uspid="10" ordinal="1" offset="1" sl="164" sc="9" el="164" ec="18" bec="0" bev="0" fileid="1" />
                <SequencePoint vc="35" uspid="11" ordinal="2" offset="5" sl="165" sc="5" el="165" ec="127" bec="0" bev="0" fileid="1" />
                <SequencePoint vc="35" uspid="12" ordinal="3" offset="55" sl="164" sc="49" el="164" ec="52" bec="0" bev="0" fileid="1" />
                <SequencePoint vc="36" uspid="13" ordinal="4" offset="59" sl="164" sc="20" el="164" ec="47" bec="2" bev="2" fileid="1" />
                <SequencePoint vc="1" uspid="14" ordinal="5" offset="73" sl="166" sc="3" el="166" ec="4" bec="0" bev="0" fileid="1" />
              </SequencePoints>
              <BranchPoints>
                <BranchPoint vc="1" uspid="15" ordinal="0" offset="71" sl="164" path="0" offsetend="73" fileid="1" />
                <BranchPoint vc="35" uspid="16" ordinal="1" offset="71" sl="164" path="1" offsetend="5" fileid="1" />
              </BranchPoints>
              <MethodPoint xsi:type="SequencePoint" vc="1" uspid="9" ordinal="0" offset="0" sl="163" sc="3" el="163" ec="4" bec="0" bev="0" fileid="1" />
            </Method>
            <Method visited="true" cyclomaticComplexity="2" nPathComplexity="2" sequenceCoverage="100" branchCoverage="100" isConstructor="false" isStatic="false" isGetter="false" isSetter="false">
              <Summary numSequencePoints="6" visitedSequencePoints="6" numBranchPoints="3" visitedBranchPoints="3" sequenceCoverage="100" branchCoverage="100" maxCyclomaticComplexity="2" minCyclomaticComplexity="2" visitedClasses="0" numClasses="0" visitedMethods="1" numMethods="1" />
              <MetadataToken>100663299</MetadataToken>
              <Name>System.Void UnitTests.Test::TestValidInternationalAddresses()</Name>
              <FileRef uid="1" />
              <SequencePoints>
                <SequencePoint vc="1" uspid="17" ordinal="0" offset="0" sl="170" sc="3" el="170" ec="4" bec="0" bev="0" fileid="1" />
                <SequencePoint vc="1" uspid="18" ordinal="1" offset="1" sl="171" sc="9" el="171" ec="18" bec="0" bev="0" fileid="1" />
                <SequencePoint vc="4" uspid="19" ordinal="2" offset="5" sl="172" sc="5" el="172" ec="129" bec="0" bev="0" fileid="1" />
                <SequencePoint vc="4" uspid="20" ordinal="3" offset="45" sl="171" sc="60" el="171" ec="63" bec="0" bev="0" fileid="1" />
                <SequencePoint vc="5" uspid="21" ordinal="4" offset="49" sl="171" sc="20" el="171" ec="58" bec="2" bev="2" fileid="1" />
                <SequencePoint vc="1" uspid="22" ordinal="5" offset="63" sl="173" sc="3" el="173" ec="4" bec="0" bev="0" fileid="1" />
              </SequencePoints>
              <BranchPoints>
                <BranchPoint vc="1" uspid="23" ordinal="0" offset="61" sl="171" path="0" offsetend="63" fileid="1" />
                <BranchPoint vc="4" uspid="24" ordinal="1" offset="61" sl="171" path="1" offsetend="5" fileid="1" />
              </BranchPoints>
              <MethodPoint xsi:type="SequencePoint" vc="1" uspid="17" ordinal="0" offset="0" sl="170" sc="3" el="170" ec="4" bec="0" bev="0" fileid="1" />
            </Method>
            <Method visited="true" cyclomaticComplexity="2" nPathComplexity="0" sequenceCoverage="100" branchCoverage="100" isConstructor="false" isStatic="false" isGetter="false" isSetter="false">
              <Summary numSequencePoints="3" visitedSequencePoints="3" numBranchPoints="1" visitedBranchPoints="1" sequenceCoverage="100" branchCoverage="100" maxCyclomaticComplexity="2" minCyclomaticComplexity="2" visitedClasses="0" numClasses="0" visitedMethods="1" numMethods="1" />
              <MetadataToken>100663300</MetadataToken>
              <Name>System.Void UnitTests.Test::TestThrowsExceptionIfNull()</Name>
              <FileRef uid="1" />
              <SequencePoints>
                <SequencePoint vc="1" uspid="25" ordinal="0" offset="0" sl="177" sc="3" el="177" ec="4" bec="0" bev="0" fileid="1" />
                <SequencePoint vc="1" uspid="26" ordinal="1" offset="1" sl="178" sc="4" el="178" ec="108" bec="0" bev="0" fileid="1" />
                <SequencePoint vc="1" uspid="27" ordinal="2" offset="49" sl="179" sc="3" el="179" ec="4" bec="0" bev="0" fileid="1" />
              </SequencePoints>
              <BranchPoints />
              <MethodPoint xsi:type="SequencePoint" vc="1" uspid="25" ordinal="0" offset="0" sl="177" sc="3" el="177" ec="4" bec="0" bev="0" fileid="1" />
            </Method>
            <Method visited="true" cyclomaticComplexity="2" nPathComplexity="2" sequenceCoverage="100" branchCoverage="100" isConstructor="false" isStatic="false" isGetter="false" isSetter="false">
              <Summary numSequencePoints="11" visitedSequencePoints="11" numBranchPoints="3" visitedBranchPoints="3" sequenceCoverage="100" branchCoverage="100" maxCyclomaticComplexity="2" minCyclomaticComplexity="2" visitedClasses="0" numClasses="0" visitedMethods="1" numMethods="1" />
              <MetadataToken>100663301</MetadataToken>
              <Name>System.Void UnitTests.Test::TestValidationAttributeValidAddresses()</Name>
              <FileRef uid="1" />
              <SequencePoints>
                <SequencePoint vc="1" uspid="30" ordinal="0" offset="0" sl="183" sc="3" el="183" ec="4" bec="0" bev="0" fileid="1" />
                <SequencePoint vc="1" uspid="31" ordinal="1" offset="1" sl="184" sc="4" el="184" ec="46" bec="0" bev="0" fileid="1" />
                <SequencePoint vc="1" uspid="32" ordinal="2" offset="7" sl="186" sc="4" el="186" ec="11" bec="0" bev="0" fileid="1" />
                <SequencePoint vc="1" uspid="33" ordinal="3" offset="8" sl="186" sc="26" el="186" ec="40" bec="0" bev="0" fileid="1" />
                <SequencePoint vc="54" uspid="34" ordinal="4" offset="18" sl="186" sc="13" el="186" ec="22" bec="0" bev="0" fileid="1" />
                <SequencePoint vc="54" uspid="35" ordinal="5" offset="22" sl="186" sc="42" el="186" ec="43" bec="0" bev="0" fileid="1" />
                <SequencePoint vc="54" uspid="36" ordinal="6" offset="23" sl="187" sc="5" el="187" ec="26" bec="0" bev="0" fileid="1" />
                <SequencePoint vc="54" uspid="37" ordinal="7" offset="31" sl="189" sc="5" el="189" ec="77" bec="0" bev="0" fileid="1" />
                <SequencePoint vc="54" uspid="38" ordinal="8" offset="58" sl="190" sc="4" el="190" ec="5" bec="0" bev="0" fileid="1" />
                <SequencePoint vc="55" uspid="39" ordinal="9" offset="63" sl="186" sc="23" el="186" ec="25" bec="2" bev="2" fileid="1" />
                <SequencePoint vc="1" uspid="40" ordinal="10" offset="69" sl="191" sc="3" el="191" ec="4" bec="0" bev="0" fileid="1" />
              </SequencePoints>
              <BranchPoints>
                <BranchPoint vc="1" uspid="41" ordinal="0" offset="67" sl="186" path="0" offsetend="69" fileid="1" />
                <BranchPoint vc="54" uspid="42" ordinal="1" offset="67" sl="186" path="1" offsetend="18" fileid="1" />
              </BranchPoints>
              <MethodPoint xsi:type="SequencePoint" vc="1" uspid="30" ordinal="0" offset="0" sl="183" sc="3" el="183" ec="4" bec="0" bev="0" fileid="1" />
            </Method>
            <Method visited="true" cyclomaticComplexity="2" nPathComplexity="2" sequenceCoverage="100" branchCoverage="100" isConstructor="false" isStatic="false" isGetter="false" isSetter="false">
              <Summary numSequencePoints="11" visitedSequencePoints="11" numBranchPoints="3" visitedBranchPoints="3" sequenceCoverage="100" branchCoverage="100" maxCyclomaticComplexity="2" minCyclomaticComplexity="2" visitedClasses="0" numClasses="0" visitedMethods="1" numMethods="1" />
              <MetadataToken>100663302</MetadataToken>
              <Name>System.Void UnitTests.Test::TestValidationAttributeInvalidAddresses()</Name>
              <FileRef uid="1" />
              <SequencePoints>
                <SequencePoint vc="1" uspid="43" ordinal="0" offset="0" sl="195" sc="3" el="195" ec="4" bec="0" bev="0" fileid="1" />
                <SequencePoint vc="1" uspid="44" ordinal="1" offset="1" sl="196" sc="4" el="196" ec="46" bec="0" bev="0" fileid="1" />
                <SequencePoint vc="1" uspid="45" ordinal="2" offset="7" sl="198" sc="4" el="198" ec="11" bec="0" bev="0" fileid="1" />
                <SequencePoint vc="1" uspid="46" ordinal="3" offset="8" sl="198" sc="26" el="198" ec="42" bec="0" bev="0" fileid="1" />
                <SequencePoint vc="35" uspid="47" ordinal="4" offset="18" sl="198" sc="13" el="198" ec="22" bec="0" bev="0" fileid="1" />
                <SequencePoint vc="35" uspid="48" ordinal="5" offset="22" sl="198" sc="44" el="198" ec="45" bec="0" bev="0" fileid="1" />
                <SequencePoint vc="35" uspid="49" ordinal="6" offset="23" sl="199" sc="5" el="199" ec="26" bec="0" bev="0" fileid="1" />
                <SequencePoint vc="35" uspid="50" ordinal="7" offset="31" sl="201" sc="5" el="201" ec="80" bec="0" bev="0" fileid="1" />
                <SequencePoint vc="35" uspid="51" ordinal="8" offset="58" sl="202" sc="4" el="202" ec="5" bec="0" bev="0" fileid="1" />
                <SequencePoint vc="36" uspid="52" ordinal="9" offset="63" sl="198" sc="23" el="198" ec="25" bec="2" bev="2" fileid="1" />
                <SequencePoint vc="1" uspid="53" ordinal="10" offset="69" sl="203" sc="3" el="203" ec="4" bec="0" bev="0" fileid="1" />
              </SequencePoints>
              <BranchPoints>
                <BranchPoint vc="1" uspid="54" ordinal="0" offset="67" sl="198" path="0" offsetend="69" fileid="1" />
                <BranchPoint vc="35" uspid="55" ordinal="1" offset="67" sl="198" path="1" offsetend="18" fileid="1" />
              </BranchPoints>
              <MethodPoint xsi:type="SequencePoint" vc="1" uspid="43" ordinal="0" offset="0" sl="195" sc="3" el="195" ec="4" bec="0" bev="0" fileid="1" />
            </Method>
            <Method visited="true" cyclomaticComplexity="2" nPathComplexity="2" sequenceCoverage="100" branchCoverage="100" isConstructor="false" isStatic="false" isGetter="false" isSetter="false">
              <Summary numSequencePoints="11" visitedSequencePoints="11" numBranchPoints="3" visitedBranchPoints="3" sequenceCoverage="100" branchCoverage="100" maxCyclomaticComplexity="2" minCyclomaticComplexity="2" visitedClasses="0" numClasses="0" visitedMethods="1" numMethods="1" />
              <MetadataToken>100663303</MetadataToken>
              <Name>System.Void UnitTests.Test::TestValidationAttributeValidInternationalAddresses()</Name>
              <FileRef uid="1" />
              <SequencePoints>
                <SequencePoint vc="1" uspid="56" ordinal="0" offset="0" sl="207" sc="3" el="207" ec="4" bec="0" bev="0" fileid="1" />
                <SequencePoint vc="1" uspid="57" ordinal="1" offset="1" sl="208" sc="4" el="208" ec="59" bec="0" bev="0" fileid="1" />
                <SequencePoint vc="1" uspid="58" ordinal="2" offset="7" sl="210" sc="4" el="210" ec="11" bec="0" bev="0" fileid="1" />
                <SequencePoint vc="1" uspid="59" ordinal="3" offset="8" sl="210" sc="26" el="210" ec="53" bec="0" bev="0" fileid="1" />
                <SequencePoint vc="4" uspid="60" ordinal="4" offset="18" sl="210" sc="13" el="210" ec="22" bec="0" bev="0" fileid="1" />
                <SequencePoint vc="4" uspid="61" ordinal="5" offset="22" sl="210" sc="55" el="210" ec="56" bec="0" bev="0" fileid="1" />
                <SequencePoint vc="4" uspid="62" ordinal="6" offset="23" sl="211" sc="5" el="211" ec="26" bec="0" bev="0" fileid="1" />
                <SequencePoint vc="4" uspid="63" ordinal="7" offset="31" sl="213" sc="5" el="213" ec="91" bec="0" bev="0" fileid="1" />
                <SequencePoint vc="4" uspid="64" ordinal="8" offset="58" sl="214" sc="4" el="214" ec="5" bec="0" bev="0" fileid="1" />
                <SequencePoint vc="5" uspid="65" ordinal="9" offset="63" sl="210" sc="23" el="210" ec="25" bec="2" bev="2" fileid="1" />
                <SequencePoint vc="1" uspid="66" ordinal="10" offset="69" sl="215" sc="3" el="215" ec="4" bec="0" bev="0" fileid="1" />
              </SequencePoints>
              <BranchPoints>
                <BranchPoint vc="1" uspid="67" ordinal="0" offset="67" sl="210" path="0" offsetend="69" fileid="1" />
                <BranchPoint vc="4" uspid="68" ordinal="1" offset="67" sl="210" path="1" offsetend="18" fileid="1" />
              </BranchPoints>
              <MethodPoint xsi:type="SequencePoint" vc="1" uspid="56" ordinal="0" offset="0" sl="207" sc="3" el="207" ec="4" bec="0" bev="0" fileid="1" />
            </Method>
            <Method visited="true" cyclomaticComplexity="1" nPathComplexity="0" sequenceCoverage="100" branchCoverage="100" isConstructor="false" isStatic="false" isGetter="false" isSetter="false">
              <Summary numSequencePoints="3" visitedSequencePoints="3" numBranchPoints="1" visitedBranchPoints="1" sequenceCoverage="100" branchCoverage="100" maxCyclomaticComplexity="1" minCyclomaticComplexity="1" visitedClasses="0" numClasses="0" visitedMethods="1" numMethods="1" />
              <MetadataToken>100663304</MetadataToken>
              <Name>System.Void UnitTests.Test::TestValidationCorrectLength()</Name>
              <FileRef uid="1" />
              <SequencePoints>
                <SequencePoint vc="1" uspid="69" ordinal="0" offset="0" sl="219" sc="6" el="219" ec="7" bec="0" bev="0" fileid="1" />
                <SequencePoint vc="1" uspid="70" ordinal="1" offset="1" sl="220" sc="10" el="220" ec="66" bec="0" bev="0" fileid="1" />
                <SequencePoint vc="1" uspid="71" ordinal="2" offset="19" sl="221" sc="6" el="221" ec="7" bec="0" bev="0" fileid="1" />
              </SequencePoints>
              <BranchPoints />
              <MethodPoint xsi:type="SequencePoint" vc="1" uspid="69" ordinal="0" offset="0" sl="219" sc="6" el="219" ec="7" bec="0" bev="0" fileid="1" />
            </Method>
            <Method visited="true" cyclomaticComplexity="1" nPathComplexity="0" sequenceCoverage="100" branchCoverage="100" isConstructor="false" isStatic="false" isGetter="false" isSetter="false">
              <Summary numSequencePoints="3" visitedSequencePoints="3" numBranchPoints="1" visitedBranchPoints="1" sequenceCoverage="100" branchCoverage="100" maxCyclomaticComplexity="1" minCyclomaticComplexity="1" visitedClasses="0" numClasses="0" visitedMethods="1" numMethods="1" />
              <MetadataToken>100663305</MetadataToken>
              <Name>System.Void UnitTests.Test::TestValidationIncorrectLength0()</Name>
              <FileRef uid="1" />
              <SequencePoints>
                <SequencePoint vc="1" uspid="72" ordinal="0" offset="0" sl="225" sc="6" el="225" ec="7" bec="0" bev="0" fileid="1" />
                <SequencePoint vc="1" uspid="73" ordinal="1" offset="1" sl="226" sc="10" el="226" ec="54" bec="0" bev="0" fileid="1" />
                <SequencePoint vc="1" uspid="74" ordinal="2" offset="19" sl="227" sc="9" el="227" ec="10" bec="0" bev="0" fileid="1" />
              </SequencePoints>
              <BranchPoints />
              <MethodPoint xsi:type="SequencePoint" vc="1" uspid="72" ordinal="0" offset="0" sl="225" sc="6" el="225" ec="7" bec="0" bev="0" fileid="1" />
            </Method>
            <Method visited="true" cyclomaticComplexity="2" nPathComplexity="2" sequenceCoverage="100" branchCoverage="100" isConstructor="false" isStatic="false" isGetter="false" isSetter="false">
              <Summary numSequencePoints="8" visitedSequencePoints="8" numBranchPoints="3" visitedBranchPoints="3" sequenceCoverage="100" branchCoverage="100" maxCyclomaticComplexity="2" minCyclomaticComplexity="2" visitedClasses="0" numClasses="0" visitedMethods="1" numMethods="1" />
              <MetadataToken>100663306</MetadataToken>
              <Name>System.Void UnitTests.Test::TestValidationIncorrectLength255()</Name>
              <FileRef uid="1" />
              <SequencePoints>
                <SequencePoint vc="1" uspid="75" ordinal="0" offset="0" sl="231" sc="6" el="231" ec="7" bec="0" bev="0" fileid="1" />
                <SequencePoint vc="1" uspid="76" ordinal="1" offset="1" sl="234" sc="10" el="234" ec="33" bec="0" bev="0" fileid="1" />
                <SequencePoint vc="1" uspid="77" ordinal="2" offset="7" sl="235" sc="15" el="235" ec="24" bec="0" bev="0" fileid="1" />
                <SequencePoint vc="246" uspid="78" ordinal="3" offset="11" sl="236" sc="14" el="236" ec="35" bec="0" bev="0" fileid="1" />
                <SequencePoint vc="246" uspid="79" ordinal="4" offset="23" sl="235" sc="53" el="235" ec="56" bec="0" bev="0" fileid="1" />
                <SequencePoint vc="247" uspid="80" ordinal="5" offset="27" sl="235" sc="26" el="235" ec="51" bec="2" bev="2" fileid="1" />
                <SequencePoint vc="1" uspid="81" ordinal="6" offset="50" sl="239" sc="10" el="239" ec="76" bec="0" bev="0" fileid="1" />
                <SequencePoint vc="1" uspid="82" ordinal="7" offset="74" sl="240" sc="6" el="240" ec="7" bec="0" bev="0" fileid="1" />
              </SequencePoints>
              <BranchPoints>
                <BranchPoint vc="1" uspid="83" ordinal="0" offset="48" sl="235" path="0" offsetend="50" fileid="1" />
                <BranchPoint vc="246" uspid="84" ordinal="1" offset="48" sl="235" path="1" offsetend="11" fileid="1" />
              </BranchPoints>
              <MethodPoint xsi:type="SequencePoint" vc="1" uspid="75" ordinal="0" offset="0" sl="231" sc="6" el="231" ec="7" bec="0" bev="0" fileid="1" />
            </Method>
            <Method visited="true" cyclomaticComplexity="2" nPathComplexity="2" sequenceCoverage="100" branchCoverage="100" isConstructor="false" isStatic="false" isGetter="false" isSetter="false">
              <Summary numSequencePoints="8" visitedSequencePoints="8" numBranchPoints="3" visitedBranchPoints="3" sequenceCoverage="100" branchCoverage="100" maxCyclomaticComplexity="2" minCyclomaticComplexity="2" visitedClasses="0" numClasses="0" visitedMethods="1" numMethods="1" />
              <MetadataToken>100663307</MetadataToken>
              <Name>System.Void UnitTests.Test::TestValidationIncorrectLengthTooLong()</Name>
              <FileRef uid="1" />
              <SequencePoints>
                <SequencePoint vc="1" uspid="85" ordinal="0" offset="0" sl="244" sc="6" el="244" ec="7" bec="0" bev="0" fileid="1" />
                <SequencePoint vc="1" uspid="86" ordinal="1" offset="1" sl="247" sc="10" el="247" ec="33" bec="0" bev="0" fileid="1" />
                <SequencePoint vc="1" uspid="87" ordinal="2" offset="7" sl="248" sc="15" el="248" ec="24" bec="0" bev="0" fileid="1" />
                <SequencePoint vc="1000" uspid="88" ordinal="3" offset="11" sl="249" sc="14" el="249" ec="35" bec="0" bev="0" fileid="1" />
                <SequencePoint vc="1000" uspid="89" ordinal="4" offset="23" sl="248" sc="36" el="248" ec="39" bec="0" bev="0" fileid="1" />
                <SequencePoint vc="1001" uspid="90" ordinal="5" offset="27" sl="248" sc="26" el="248" ec="34" bec="2" bev="2" fileid="1" />
                <SequencePoint vc="1" uspid="91" ordinal="6" offset="39" sl="252" sc="10" el="252" ec="76" bec="0" bev="0" fileid="1" />
                <SequencePoint vc="1" uspid="92" ordinal="7" offset="63" sl="253" sc="6" el="253" ec="7" bec="0" bev="0" fileid="1" />
              </SequencePoints>
              <BranchPoints>
                <BranchPoint vc="1" uspid="93" ordinal="0" offset="37" sl="248" path="0" offsetend="39" fileid="1" />
                <BranchPoint vc="1000" uspid="94" ordinal="1" offset="37" sl="248" path="1" offsetend="11" fileid="1" />
              </BranchPoints>
              <MethodPoint xsi:type="SequencePoint" vc="1" uspid="85" ordinal="0" offset="0" sl="244" sc="6" el="244" ec="7" bec="0" bev="0" fileid="1" />
            </Method>
            <Method visited="true" cyclomaticComplexity="1" nPathComplexity="0" sequenceCoverage="100" branchCoverage="100" isConstructor="false" isStatic="true" isGetter="false" isSetter="false">
              <Summary numSequencePoints="5" visitedSequencePoints="5" numBranchPoints="1" visitedBranchPoints="1" sequenceCoverage="100" branchCoverage="100" maxCyclomaticComplexity="1" minCyclomaticComplexity="1" visitedClasses="0" numClasses="0" visitedMethods="1" numMethods="1" />
              <MetadataToken>100663308</MetadataToken>
              <Name>System.Boolean UnitTests.Test::AreAttributesValid(System.Object)</Name>
              <FileRef uid="1" />
              <SequencePoints>
                <SequencePoint vc="93" uspid="95" ordinal="0" offset="0" sl="256" sc="3" el="256" ec="4" bec="0" bev="0" fileid="1" />
                <SequencePoint vc="93" uspid="96" ordinal="1" offset="1" sl="257" sc="4" el="257" ec="61" bec="0" bev="0" fileid="1" />
                <SequencePoint vc="93" uspid="97" ordinal="2" offset="10" sl="258" sc="4" el="258" ec="48" bec="0" bev="0" fileid="1" />
                <SequencePoint vc="93" uspid="98" ordinal="3" offset="16" sl="260" sc="4" el="260" ec="72" bec="0" bev="0" fileid="1" />
                <SequencePoint vc="93" uspid="99" ordinal="4" offset="28" sl="261" sc="3" el="261" ec="4" bec="0" bev="0" fileid="1" />
              </SequencePoints>
              <BranchPoints />
              <MethodPoint xsi:type="SequencePoint" vc="93" uspid="95" ordinal="0" offset="0" sl="256" sc="3" el="256" ec="4" bec="0" bev="0" fileid="1" />
            </Method>
            <Method visited="true" cyclomaticComplexity="1" nPathComplexity="0" sequenceCoverage="0" branchCoverage="0" isConstructor="true" isStatic="false" isGetter="false" isSetter="false">
              <Summary numSequencePoints="0" visitedSequencePoints="0" numBranchPoints="0" visitedBranchPoints="0" sequenceCoverage="0" branchCoverage="0" maxCyclomaticComplexity="1" minCyclomaticComplexity="1" visitedClasses="0" numClasses="0" visitedMethods="0" numMethods="0" />
              <MetadataToken>100663309</MetadataToken>
              <Name>System.Void UnitTests.Test::.ctor()</Name>
              <SequencePoints />
              <BranchPoints />
              <MethodPoint vc="1" uspid="100" ordinal="0" offset="0" />
            </Method>
            <Method visited="true" cyclomaticComplexity="1" nPathComplexity="0" sequenceCoverage="100" branchCoverage="100" isConstructor="true" isStatic="true" isGetter="false" isSetter="false">
              <Summary numSequencePoints="3" visitedSequencePoints="3" numBranchPoints="1" visitedBranchPoints="1" sequenceCoverage="100" branchCoverage="100" maxCyclomaticComplexity="1" minCyclomaticComplexity="1" visitedClasses="0" numClasses="0" visitedMethods="1" numMethods="1" />
              <MetadataToken>100663310</MetadataToken>
              <Name>System.Void UnitTests.Test::.cctor()</Name>
              <FileRef uid="1" />
              <SequencePoints>
                <SequencePoint vc="1" uspid="101" ordinal="0" offset="0" sl="39" sc="6" el="98" ec="5" bec="0" bev="0" fileid="1" />
                <SequencePoint vc="1" uspid="102" ordinal="1" offset="489" sl="100" sc="6" el="145" ec="5" bec="0" bev="0" fileid="1" />
                <SequencePoint vc="1" uspid="103" ordinal="2" offset="807" sl="147" sc="6" el="152" ec="5" bec="0" bev="0" fileid="1" />
              </SequencePoints>
              <BranchPoints />
              <MethodPoint xsi:type="SequencePoint" vc="1" uspid="101" ordinal="0" offset="0" sl="39" sc="6" el="98" ec="5" bec="0" bev="0" fileid="1" />
            </Method>
          </Methods>
        </Class>
        <Class>
          <Summary numSequencePoints="2" visitedSequencePoints="2" numBranchPoints="2" visitedBranchPoints="2" sequenceCoverage="100" branchCoverage="100" maxCyclomaticComplexity="1" minCyclomaticComplexity="1" visitedClasses="1" numClasses="1" visitedMethods="2" numMethods="2" />
          <FullName>UnitTests.Test/EmailValidationTarget</FullName>
          <Methods>
            <Method visited="true" cyclomaticComplexity="1" nPathComplexity="0" sequenceCoverage="100" branchCoverage="100" isConstructor="false" isStatic="false" isGetter="true" isSetter="false">
              <Summary numSequencePoints="1" visitedSequencePoints="1" numBranchPoints="1" visitedBranchPoints="1" sequenceCoverage="100" branchCoverage="100" maxCyclomaticComplexity="1" minCyclomaticComplexity="1" visitedClasses="0" numClasses="0" visitedMethods="1" numMethods="1" />
              <MetadataToken>100663311</MetadataToken>
              <Name>System.String UnitTests.Test/EmailValidationTarget::get_Email()</Name>
              <FileRef uid="1" />
              <SequencePoints>
                <SequencePoint vc="89" uspid="104" ordinal="0" offset="0" sl="266" sc="26" el="266" ec="30" bec="0" bev="0" fileid="1" />
              </SequencePoints>
              <BranchPoints />
              <MethodPoint xsi:type="SequencePoint" vc="89" uspid="104" ordinal="0" offset="0" sl="266" sc="26" el="266" ec="30" bec="0" bev="0" fileid="1" />
            </Method>
            <Method visited="true" cyclomaticComplexity="1" nPathComplexity="0" sequenceCoverage="100" branchCoverage="100" isConstructor="false" isStatic="false" isGetter="false" isSetter="true">
              <Summary numSequencePoints="1" visitedSequencePoints="1" numBranchPoints="1" visitedBranchPoints="1" sequenceCoverage="100" branchCoverage="100" maxCyclomaticComplexity="1" minCyclomaticComplexity="1" visitedClasses="0" numClasses="0" visitedMethods="1" numMethods="1" />
              <MetadataToken>100663312</MetadataToken>
              <Name>System.Void UnitTests.Test/EmailValidationTarget::set_Email(System.String)</Name>
              <FileRef uid="1" />
              <SequencePoints>
                <SequencePoint vc="89" uspid="105" ordinal="0" offset="0" sl="266" sc="31" el="266" ec="35" bec="0" bev="0" fileid="1" />
              </SequencePoints>
              <BranchPoints />
              <MethodPoint xsi:type="SequencePoint" vc="89" uspid="105" ordinal="0" offset="0" sl="266" sc="31" el="266" ec="35" bec="0" bev="0" fileid="1" />
            </Method>
            <Method visited="true" cyclomaticComplexity="1" nPathComplexity="0" sequenceCoverage="0" branchCoverage="0" isConstructor="true" isStatic="false" isGetter="false" isSetter="false">
              <Summary numSequencePoints="0" visitedSequencePoints="0" numBranchPoints="0" visitedBranchPoints="0" sequenceCoverage="0" branchCoverage="0" maxCyclomaticComplexity="1" minCyclomaticComplexity="1" visitedClasses="0" numClasses="0" visitedMethods="0" numMethods="0" />
              <MetadataToken>100663313</MetadataToken>
              <Name>System.Void UnitTests.Test/EmailValidationTarget::.ctor()</Name>
              <SequencePoints />
              <BranchPoints />
              <MethodPoint vc="2" uspid="106" ordinal="0" offset="0" />
            </Method>
          </Methods>
        </Class>
        <Class>
          <Summary numSequencePoints="2" visitedSequencePoints="2" numBranchPoints="2" visitedBranchPoints="2" sequenceCoverage="100" branchCoverage="100" maxCyclomaticComplexity="1" minCyclomaticComplexity="1" visitedClasses="1" numClasses="1" visitedMethods="2" numMethods="2" />
          <FullName>UnitTests.Test/InternationalEmailValidationTarget</FullName>
          <Methods>
            <Method visited="true" cyclomaticComplexity="1" nPathComplexity="0" sequenceCoverage="100" branchCoverage="100" isConstructor="false" isStatic="false" isGetter="true" isSetter="false">
              <Summary numSequencePoints="1" visitedSequencePoints="1" numBranchPoints="1" visitedBranchPoints="1" sequenceCoverage="100" branchCoverage="100" maxCyclomaticComplexity="1" minCyclomaticComplexity="1" visitedClasses="0" numClasses="0" visitedMethods="1" numMethods="1" />
              <MetadataToken>100663314</MetadataToken>
              <Name>System.String UnitTests.Test/InternationalEmailValidationTarget::get_Email()</Name>
              <FileRef uid="1" />
              <SequencePoints>
                <SequencePoint vc="4" uspid="107" ordinal="0" offset="0" sl="272" sc="26" el="272" ec="30" bec="0" bev="0" fileid="1" />
              </SequencePoints>
              <BranchPoints />
              <MethodPoint xsi:type="SequencePoint" vc="4" uspid="107" ordinal="0" offset="0" sl="272" sc="26" el="272" ec="30" bec="0" bev="0" fileid="1" />
            </Method>
            <Method visited="true" cyclomaticComplexity="1" nPathComplexity="0" sequenceCoverage="100" branchCoverage="100" isConstructor="false" isStatic="false" isGetter="false" isSetter="true">
              <Summary numSequencePoints="1" visitedSequencePoints="1" numBranchPoints="1" visitedBranchPoints="1" sequenceCoverage="100" branchCoverage="100" maxCyclomaticComplexity="1" minCyclomaticComplexity="1" visitedClasses="0" numClasses="0" visitedMethods="1" numMethods="1" />
              <MetadataToken>100663315</MetadataToken>
              <Name>System.Void UnitTests.Test/InternationalEmailValidationTarget::set_Email(System.String)</Name>
              <FileRef uid="1" />
              <SequencePoints>
                <SequencePoint vc="4" uspid="108" ordinal="0" offset="0" sl="272" sc="31" el="272" ec="35" bec="0" bev="0" fileid="1" />
              </SequencePoints>
              <BranchPoints />
              <MethodPoint xsi:type="SequencePoint" vc="4" uspid="108" ordinal="0" offset="0" sl="272" sc="31" el="272" ec="35" bec="0" bev="0" fileid="1" />
            </Method>
            <Method visited="true" cyclomaticComplexity="1" nPathComplexity="0" sequenceCoverage="0" branchCoverage="0" isConstructor="true" isStatic="false" isGetter="false" isSetter="false">
              <Summary numSequencePoints="0" visitedSequencePoints="0" numBranchPoints="0" visitedBranchPoints="0" sequenceCoverage="0" branchCoverage="0" maxCyclomaticComplexity="1" minCyclomaticComplexity="1" visitedClasses="0" numClasses="0" visitedMethods="0" numMethods="0" />
              <MetadataToken>100663316</MetadataToken>
              <Name>System.Void UnitTests.Test/InternationalEmailValidationTarget::.ctor()</Name>
              <SequencePoints />
              <BranchPoints />
              <MethodPoint vc="1" uspid="109" ordinal="0" offset="0" />
            </Method>
          </Methods>
        </Class>
        <Class>
          <Summary numSequencePoints="1" visitedSequencePoints="1" numBranchPoints="1" visitedBranchPoints="1" sequenceCoverage="100" branchCoverage="100" maxCyclomaticComplexity="1" minCyclomaticComplexity="1" visitedClasses="1" numClasses="1" visitedMethods="1" numMethods="1" />
          <FullName>UnitTests.Test/&lt;&gt;c</FullName>
          <Methods>
            <Method visited="true" cyclomaticComplexity="1" nPathComplexity="0" sequenceCoverage="0" branchCoverage="0" isConstructor="true" isStatic="true" isGetter="false" isSetter="false">
              <Summary numSequencePoints="0" visitedSequencePoints="0" numBranchPoints="0" visitedBranchPoints="0" sequenceCoverage="0" branchCoverage="0" maxCyclomaticComplexity="1" minCyclomaticComplexity="1" visitedClasses="0" numClasses="0" visitedMethods="0" numMethods="0" />
              <MetadataToken>100663317</MetadataToken>
              <Name>System.Void UnitTests.Test/&lt;&gt;c::.cctor()</Name>
              <SequencePoints />
              <BranchPoints />
              <MethodPoint vc="1" uspid="110" ordinal="0" offset="0" />
            </Method>
            <Method visited="true" cyclomaticComplexity="1" nPathComplexity="0" sequenceCoverage="0" branchCoverage="0" isConstructor="true" isStatic="false" isGetter="false" isSetter="false">
              <Summary numSequencePoints="0" visitedSequencePoints="0" numBranchPoints="0" visitedBranchPoints="0" sequenceCoverage="0" branchCoverage="0" maxCyclomaticComplexity="1" minCyclomaticComplexity="1" visitedClasses="0" numClasses="0" visitedMethods="0" numMethods="0" />
              <MetadataToken>100663318</MetadataToken>
              <Name>System.Void UnitTests.Test/&lt;&gt;c::.ctor()</Name>
              <SequencePoints />
              <BranchPoints />
              <MethodPoint vc="1" uspid="111" ordinal="0" offset="0" />
            </Method>
            <Method visited="true" cyclomaticComplexity="1" nPathComplexity="0" sequenceCoverage="100" branchCoverage="100" isConstructor="false" isStatic="false" isGetter="false" isSetter="false">
              <Summary numSequencePoints="1" visitedSequencePoints="1" numBranchPoints="1" visitedBranchPoints="1" sequenceCoverage="100" branchCoverage="100" maxCyclomaticComplexity="1" minCyclomaticComplexity="1" visitedClasses="0" numClasses="0" visitedMethods="1" numMethods="1" />
              <MetadataToken>100663319</MetadataToken>
              <Name>System.Void UnitTests.Test/&lt;&gt;c::&lt;TestThrowsExceptionIfNull&gt;b__6_0()</Name>
              <FileRef uid="1" />
              <SequencePoints>
                <SequencePoint vc="1" uspid="112" ordinal="0" offset="0" sl="178" sc="48" el="178" ec="90" bec="0" bev="0" fileid="1" />
              </SequencePoints>
              <BranchPoints />
              <MethodPoint xsi:type="SequencePoint" vc="1" uspid="112" ordinal="0" offset="0" sl="178" sc="48" el="178" ec="90" bec="0" bev="0" fileid="1" />
            </Method>
          </Methods>
        </Class>
      </Classes>
    </Module>
    <Module skippedDueTo="Filter" hash="88-45-F0-9C-3C-9F-72-79-CB-6A-82-FA-D7-DB-C3-4A-59-80-3C-6B">
      <ModulePath>C:\Windows\Microsoft.Net\assembly\GAC_MSIL\System.Xml\v4.0_4.0.0.0__b77a5c561934e089\System.Xml.dll</ModulePath>
      <ModuleTime>2016-07-16T11:43:55.4992744Z</ModuleTime>
      <ModuleName>System.Xml</ModuleName>
      <Classes />
    </Module>
    <Module hash="C2-06-43-38-BC-FC-A0-B6-61-AE-DB-DC-08-2D-3A-1A-30-67-02-C1">
      <Summary numSequencePoints="196" visitedSequencePoints="185" numBranchPoints="126" visitedBranchPoints="114" sequenceCoverage="94.39" branchCoverage="90.48" maxCyclomaticComplexity="21" minCyclomaticComplexity="1" visitedClasses="2" numClasses="2" visitedMethods="18" numMethods="18" />
      <ModulePath>C:\Users\Jenei\Drive\VIK\6\Integrációs és ellenőrzési technikák\házi\EmailValidation\UnitTests\bin\Debug\EmailValidation.dll</ModulePath>
      <ModuleTime>2017-04-25T12:06:47.2557211Z</ModuleTime>
      <ModuleName>EmailValidation</ModuleName>
      <Files>
        <File uid="9" fullPath="C:\Users\Jenei\Drive\VIK\6\Integrációs és ellenőrzési technikák\házi\EmailValidation\EmailValidation\EmailAttribute.cs" />
        <File uid="10" fullPath="C:\Users\Jenei\Drive\VIK\6\Integrációs és ellenőrzési technikák\házi\EmailValidation\EmailValidation\EmailValidator.cs" />
      </Files>
      <Classes>
        <Class>
          <Summary numSequencePoints="0" visitedSequencePoints="0" numBranchPoints="0" visitedBranchPoints="0" sequenceCoverage="0" branchCoverage="0" maxCyclomaticComplexity="0" minCyclomaticComplexity="0" visitedClasses="0" numClasses="0" visitedMethods="0" numMethods="0" />
          <FullName>&lt;Module&gt;</FullName>
          <Methods />
        </Class>
        <Class>
          <Summary numSequencePoints="17" visitedSequencePoints="16" numBranchPoints="10" visitedBranchPoints="9" sequenceCoverage="94.12" branchCoverage="90" maxCyclomaticComplexity="3" minCyclomaticComplexity="1" visitedClasses="1" numClasses="1" visitedMethods="6" numMethods="6" />
          <FullName>EmailValidation.EmailAttribute</FullName>
          <Methods>
            <Method visited="true" cyclomaticComplexity="1" nPathComplexity="0" sequenceCoverage="100" branchCoverage="100" isConstructor="false" isStatic="false" isGetter="true" isSetter="false">
              <Summary numSequencePoints="1" visitedSequencePoints="1" numBranchPoints="1" visitedBranchPoints="1" sequenceCoverage="100" branchCoverage="100" maxCyclomaticComplexity="1" minCyclomaticComplexity="1" visitedClasses="0" numClasses="0" visitedMethods="1" numMethods="1" />
              <MetadataToken>100663298</MetadataToken>
              <Name>System.Boolean EmailValidation.EmailAttribute::get_AllowTopLevelDomains()</Name>
              <FileRef uid="9" />
              <SequencePoints>
                <SequencePoint vc="93" uspid="113" ordinal="0" offset="0" sl="40" sc="38" el="40" ec="42" bec="0" bev="0" fileid="9" />
              </SequencePoints>
              <BranchPoints />
              <MethodPoint xsi:type="SequencePoint" vc="93" uspid="113" ordinal="0" offset="0" sl="40" sc="38" el="40" ec="42" bec="0" bev="0" fileid="9" />
            </Method>
            <Method visited="true" cyclomaticComplexity="1" nPathComplexity="0" sequenceCoverage="100" branchCoverage="100" isConstructor="false" isStatic="false" isGetter="false" isSetter="true">
              <Summary numSequencePoints="1" visitedSequencePoints="1" numBranchPoints="1" visitedBranchPoints="1" sequenceCoverage="100" branchCoverage="100" maxCyclomaticComplexity="1" minCyclomaticComplexity="1" visitedClasses="0" numClasses="0" visitedMethods="1" numMethods="1" />
              <MetadataToken>100663299</MetadataToken>
              <Name>System.Void EmailValidation.EmailAttribute::set_AllowTopLevelDomains(System.Boolean)</Name>
              <FileRef uid="9" />
              <SequencePoints>
                <SequencePoint vc="2" uspid="114" ordinal="0" offset="0" sl="40" sc="43" el="40" ec="47" bec="0" bev="0" fileid="9" />
              </SequencePoints>
              <BranchPoints />
              <MethodPoint xsi:type="SequencePoint" vc="2" uspid="114" ordinal="0" offset="0" sl="40" sc="43" el="40" ec="47" bec="0" bev="0" fileid="9" />
            </Method>
            <Method visited="true" cyclomaticComplexity="1" nPathComplexity="0" sequenceCoverage="100" branchCoverage="100" isConstructor="false" isStatic="false" isGetter="true" isSetter="false">
              <Summary numSequencePoints="1" visitedSequencePoints="1" numBranchPoints="1" visitedBranchPoints="1" sequenceCoverage="100" branchCoverage="100" maxCyclomaticComplexity="1" minCyclomaticComplexity="1" visitedClasses="0" numClasses="0" visitedMethods="1" numMethods="1" />
              <MetadataToken>100663300</MetadataToken>
              <Name>System.Boolean EmailValidation.EmailAttribute::get_AllowInternational()</Name>
              <FileRef uid="9" />
              <SequencePoints>
                <SequencePoint vc="93" uspid="115" ordinal="0" offset="0" sl="42" sc="36" el="42" ec="40" bec="0" bev="0" fileid="9" />
              </SequencePoints>
              <BranchPoints />
              <MethodPoint xsi:type="SequencePoint" vc="93" uspid="115" ordinal="0" offset="0" sl="42" sc="36" el="42" ec="40" bec="0" bev="0" fileid="9" />
            </Method>
            <Method visited="true" cyclomaticComplexity="1" nPathComplexity="0" sequenceCoverage="100" branchCoverage="100" isConstructor="false" isStatic="false" isGetter="false" isSetter="true">
              <Summary numSequencePoints="1" visitedSequencePoints="1" numBranchPoints="1" visitedBranchPoints="1" sequenceCoverage="100" branchCoverage="100" maxCyclomaticComplexity="1" minCyclomaticComplexity="1" visitedClasses="0" numClasses="0" visitedMethods="1" numMethods="1" />
              <MetadataToken>100663301</MetadataToken>
              <Name>System.Void EmailValidation.EmailAttribute::set_AllowInternational(System.Boolean)</Name>
              <FileRef uid="9" />
              <SequencePoints>
                <SequencePoint vc="2" uspid="116" ordinal="0" offset="0" sl="42" sc="41" el="42" ec="45" bec="0" bev="0" fileid="9" />
              </SequencePoints>
              <BranchPoints />
              <MethodPoint xsi:type="SequencePoint" vc="2" uspid="116" ordinal="0" offset="0" sl="42" sc="41" el="42" ec="45" bec="0" bev="0" fileid="9" />
            </Method>
            <Method visited="true" cyclomaticComplexity="1" nPathComplexity="0" sequenceCoverage="100" branchCoverage="100" isConstructor="true" isStatic="false" isGetter="false" isSetter="false">
              <Summary numSequencePoints="5" visitedSequencePoints="5" numBranchPoints="1" visitedBranchPoints="1" sequenceCoverage="100" branchCoverage="100" maxCyclomaticComplexity="1" minCyclomaticComplexity="1" visitedClasses="0" numClasses="0" visitedMethods="1" numMethods="1" />
              <MetadataToken>100663297</MetadataToken>
              <Name>System.Void EmailValidation.EmailAttribute::.ctor(System.Boolean,System.Boolean)</Name>
              <FileRef uid="9" />
              <SequencePoints>
                <SequencePoint vc="2" uspid="117" ordinal="0" offset="0" sl="34" sc="3" el="34" ec="93" bec="0" bev="0" fileid="9" />
                <SequencePoint vc="2" uspid="118" ordinal="1" offset="7" sl="35" sc="3" el="35" ec="4" bec="0" bev="0" fileid="9" />
                <SequencePoint vc="2" uspid="119" ordinal="2" offset="8" sl="36" sc="4" el="36" ec="48" bec="0" bev="0" fileid="9" />
                <SequencePoint vc="2" uspid="120" ordinal="3" offset="16" sl="37" sc="4" el="37" ec="44" bec="0" bev="0" fileid="9" />
                <SequencePoint vc="2" uspid="121" ordinal="4" offset="24" sl="38" sc="3" el="38" ec="4" bec="0" bev="0" fileid="9" />
              </SequencePoints>
              <BranchPoints />
              <MethodPoint xsi:type="SequencePoint" vc="2" uspid="117" ordinal="0" offset="0" sl="34" sc="3" el="34" ec="93" bec="0" bev="0" fileid="9" />
            </Method>
            <Method visited="true" cyclomaticComplexity="3" nPathComplexity="4" sequenceCoverage="87.5" branchCoverage="80" isConstructor="false" isStatic="false" isGetter="false" isSetter="false">
              <Summary numSequencePoints="8" visitedSequencePoints="7" numBranchPoints="5" visitedBranchPoints="4" sequenceCoverage="87.5" branchCoverage="80" maxCyclomaticComplexity="3" minCyclomaticComplexity="3" visitedClasses="0" numClasses="0" visitedMethods="1" numMethods="1" />
              <MetadataToken>100663302</MetadataToken>
              <Name>System.ComponentModel.DataAnnotations.ValidationResult EmailValidation.EmailAttribute::IsValid(System.Object,System.ComponentModel.DataAnnotations.ValidationContext)</Name>
              <FileRef uid="9" />
              <SequencePoints>
                <SequencePoint vc="93" uspid="122" ordinal="0" offset="0" sl="45" sc="3" el="45" ec="4" bec="0" bev="0" fileid="9" />
                <SequencePoint vc="93" uspid="123" ordinal="1" offset="1" sl="46" sc="4" el="46" ec="68" bec="0" bev="0" fileid="9" />
                <SequencePoint vc="93" uspid="124" ordinal="2" offset="17" sl="48" sc="4" el="48" ec="22" bec="2" bev="1" fileid="9" />
                <SequencePoint vc="0" uspid="125" ordinal="3" offset="25" sl="49" sc="5" el="49" ec="70" bec="0" bev="0" fileid="9" />
                <SequencePoint vc="93" uspid="126" ordinal="4" offset="39" sl="51" sc="4" el="51" ec="91" bec="2" bev="2" fileid="9" />
                <SequencePoint vc="58" uspid="127" ordinal="5" offset="66" sl="52" sc="5" el="52" ec="37" bec="0" bev="0" fileid="9" />
                <SequencePoint vc="35" uspid="128" ordinal="6" offset="74" sl="54" sc="4" el="54" ec="63" bec="0" bev="0" fileid="9" />
                <SequencePoint vc="93" uspid="129" ordinal="7" offset="88" sl="55" sc="3" el="55" ec="4" bec="0" bev="0" fileid="9" />
              </SequencePoints>
              <BranchPoints>
                <BranchPoint vc="0" uspid="130" ordinal="0" offset="23" sl="48" path="0" offsetend="25" fileid="9" />
                <BranchPoint vc="93" uspid="131" ordinal="1" offset="23" sl="48" path="1" offsetend="39" fileid="9" />
                <BranchPoint vc="58" uspid="132" ordinal="2" offset="64" sl="51" path="0" offsetend="66" fileid="9" />
                <BranchPoint vc="35" uspid="133" ordinal="3" offset="64" sl="51" path="1" offsetend="74" fileid="9" />
              </BranchPoints>
              <MethodPoint xsi:type="SequencePoint" vc="93" uspid="122" ordinal="0" offset="0" sl="45" sc="3" el="45" ec="4" bec="0" bev="0" fileid="9" />
            </Method>
          </Methods>
        </Class>
        <Class>
          <Summary numSequencePoints="179" visitedSequencePoints="169" numBranchPoints="116" visitedBranchPoints="105" sequenceCoverage="94.41" branchCoverage="90.52" maxCyclomaticComplexity="21" minCyclomaticComplexity="2" visitedClasses="1" numClasses="1" visitedMethods="12" numMethods="12" />
          <FullName>EmailValidation.EmailValidator</FullName>
          <Methods>
            <Method visited="true" cyclomaticComplexity="7" nPathComplexity="4" sequenceCoverage="100" branchCoverage="100" isConstructor="false" isStatic="true" isGetter="false" isSetter="false">
              <Summary numSequencePoints="3" visitedSequencePoints="3" numBranchPoints="5" visitedBranchPoints="5" sequenceCoverage="100" branchCoverage="100" maxCyclomaticComplexity="7" minCyclomaticComplexity="7" visitedClasses="0" numClasses="0" visitedMethods="1" numMethods="1" />
              <MetadataToken>100663303</MetadataToken>
              <Name>System.Boolean EmailValidation.EmailValidator::IsLetterOrDigit(System.Char)</Name>
              <FileRef uid="10" />
              <SequencePoints>
                <SequencePoint vc="4101" uspid="134" ordinal="0" offset="0" sl="41" sc="3" el="41" ec="4" bec="0" bev="0" fileid="10" />
                <SequencePoint vc="4101" uspid="135" ordinal="1" offset="1" sl="42" sc="4" el="42" ec="86" bec="4" bev="4" fileid="10" />
                <SequencePoint vc="4101" uspid="136" ordinal="2" offset="43" sl="43" sc="3" el="43" ec="4" bec="0" bev="0" fileid="10" />
              </SequencePoints>
              <BranchPoints>
                <BranchPoint vc="3297" uspid="137" ordinal="0" offset="4" sl="42" path="0" offsetend="6" fileid="10" />
                <BranchPoint vc="804" uspid="138" ordinal="1" offset="4" sl="42" path="1" offsetend="11" fileid="10" />
                <BranchPoint vc="3205" uspid="141" ordinal="4" offset="14" sl="42" path="0" offsetend="16" fileid="10" />
                <BranchPoint vc="820" uspid="142" ordinal="5" offset="14" sl="42" path="1" offsetend="21" fileid="10" />
              </BranchPoints>
              <MethodPoint xsi:type="SequencePoint" vc="4101" uspid="134" ordinal="0" offset="0" sl="41" sc="3" el="41" ec="4" bec="0" bev="0" fileid="10" />
            </Method>
            <Method visited="true" cyclomaticComplexity="4" nPathComplexity="2" sequenceCoverage="100" branchCoverage="100" isConstructor="false" isStatic="true" isGetter="false" isSetter="false">
              <Summary numSequencePoints="3" visitedSequencePoints="3" numBranchPoints="3" visitedBranchPoints="3" sequenceCoverage="100" branchCoverage="100" maxCyclomaticComplexity="4" minCyclomaticComplexity="4" visitedClasses="0" numClasses="0" visitedMethods="1" numMethods="1" />
              <MetadataToken>100663304</MetadataToken>
              <Name>System.Boolean EmailValidation.EmailValidator::IsAtom(System.Char,System.Boolean)</Name>
              <FileRef uid="10" />
              <SequencePoints>
                <SequencePoint vc="2101" uspid="147" ordinal="0" offset="0" sl="46" sc="3" el="46" ec="4" bec="0" bev="0" fileid="10" />
                <SequencePoint vc="2101" uspid="148" ordinal="1" offset="1" sl="47" sc="4" el="47" ec="98" bec="2" bev="2" fileid="10" />
                <SequencePoint vc="2101" uspid="149" ordinal="2" offset="43" sl="48" sc="3" el="48" ec="4" bec="0" bev="0" fileid="10" />
              </SequencePoints>
              <BranchPoints>
                <BranchPoint vc="28" uspid="150" ordinal="0" offset="7" sl="47" path="0" offsetend="9" fileid="10" />
                <BranchPoint vc="2073" uspid="151" ordinal="1" offset="7" sl="47" path="1" offsetend="12" fileid="10" />
              </BranchPoints>
              <MethodPoint xsi:type="SequencePoint" vc="2101" uspid="147" ordinal="0" offset="0" sl="46" sc="3" el="46" ec="4" bec="0" bev="0" fileid="10" />
            </Method>
            <Method visited="true" cyclomaticComplexity="4" nPathComplexity="2" sequenceCoverage="100" branchCoverage="100" isConstructor="false" isStatic="true" isGetter="false" isSetter="false">
              <Summary numSequencePoints="3" visitedSequencePoints="3" numBranchPoints="3" visitedBranchPoints="3" sequenceCoverage="100" branchCoverage="100" maxCyclomaticComplexity="4" minCyclomaticComplexity="4" visitedClasses="0" numClasses="0" visitedMethods="1" numMethods="1" />
              <MetadataToken>100663305</MetadataToken>
              <Name>System.Boolean EmailValidation.EmailValidator::IsDomain(System.Char,System.Boolean)</Name>
              <FileRef uid="10" />
              <SequencePoints>
                <SequencePoint vc="2094" uspid="154" ordinal="0" offset="0" sl="51" sc="3" el="51" ec="4" bec="0" bev="0" fileid="10" />
                <SequencePoint vc="2094" uspid="155" ordinal="1" offset="1" sl="52" sc="4" el="52" ec="74" bec="2" bev="2" fileid="10" />
                <SequencePoint vc="2094" uspid="156" ordinal="2" offset="31" sl="53" sc="3" el="53" ec="4" bec="0" bev="0" fileid="10" />
              </SequencePoints>
              <BranchPoints>
                <BranchPoint vc="66" uspid="157" ordinal="0" offset="7" sl="52" path="0" offsetend="9" fileid="10" />
                <BranchPoint vc="2028" uspid="158" ordinal="1" offset="7" sl="52" path="1" offsetend="12" fileid="10" />
              </BranchPoints>
              <MethodPoint xsi:type="SequencePoint" vc="2094" uspid="154" ordinal="0" offset="0" sl="51" sc="3" el="51" ec="4" bec="0" bev="0" fileid="10" />
            </Method>
            <Method visited="true" cyclomaticComplexity="3" nPathComplexity="2" sequenceCoverage="100" branchCoverage="100" isConstructor="false" isStatic="true" isGetter="false" isSetter="false">
              <Summary numSequencePoints="6" visitedSequencePoints="6" numBranchPoints="3" visitedBranchPoints="3" sequenceCoverage="100" branchCoverage="100" maxCyclomaticComplexity="3" minCyclomaticComplexity="3" visitedClasses="0" numClasses="0" visitedMethods="1" numMethods="1" />
              <MetadataToken>100663306</MetadataToken>
              <Name>System.Boolean EmailValidation.EmailValidator::SkipAtom(System.String,System.Int32&amp;,System.Boolean)</Name>
              <FileRef uid="10" />
              <SequencePoints>
                <SequencePoint vc="207" uspid="161" ordinal="0" offset="0" sl="56" sc="3" el="56" ec="4" bec="0" bev="0" fileid="10" />
                <SequencePoint vc="207" uspid="162" ordinal="1" offset="1" sl="57" sc="4" el="57" ec="27" bec="0" bev="0" fileid="10" />
                <SequencePoint vc="1902" uspid="163" ordinal="2" offset="6" sl="60" sc="5" el="60" ec="13" bec="0" bev="0" fileid="10" />
                <SequencePoint vc="2109" uspid="164" ordinal="3" offset="12" sl="59" sc="4" el="59" ec="75" bec="2" bev="2" fileid="10" />
                <SequencePoint vc="207" uspid="165" ordinal="4" offset="43" sl="62" sc="4" el="62" ec="30" bec="0" bev="0" fileid="10" />
                <SequencePoint vc="207" uspid="166" ordinal="5" offset="51" sl="63" sc="3" el="63" ec="4" bec="0" bev="0" fileid="10" />
              </SequencePoints>
              <BranchPoints>
                <BranchPoint vc="207" uspid="169" ordinal="2" offset="41" sl="59" path="0" offsetend="43" fileid="10" />
                <BranchPoint vc="1902" uspid="170" ordinal="3" offset="41" sl="59" path="1" offsetend="6" fileid="10" />
              </BranchPoints>
              <MethodPoint xsi:type="SequencePoint" vc="207" uspid="161" ordinal="0" offset="0" sl="56" sc="3" el="56" ec="4" bec="0" bev="0" fileid="10" />
            </Method>
            <Method visited="true" cyclomaticComplexity="6" nPathComplexity="4" sequenceCoverage="100" branchCoverage="100" isConstructor="false" isStatic="true" isGetter="false" isSetter="false">
              <Summary numSequencePoints="9" visitedSequencePoints="9" numBranchPoints="5" visitedBranchPoints="5" sequenceCoverage="100" branchCoverage="100" maxCyclomaticComplexity="6" minCyclomaticComplexity="6" visitedClasses="0" numClasses="0" visitedMethods="1" numMethods="1" />
              <MetadataToken>100663307</MetadataToken>
              <Name>System.Boolean EmailValidation.EmailValidator::SkipSubDomain(System.String,System.Int32&amp;,System.Boolean)</Name>
              <FileRef uid="10" />
              <SequencePoints>
                <SequencePoint vc="250" uspid="171" ordinal="0" offset="0" sl="66" sc="3" el="66" ec="4" bec="0" bev="0" fileid="10" />
                <SequencePoint vc="250" uspid="172" ordinal="1" offset="1" sl="67" sc="4" el="67" ec="27" bec="0" bev="0" fileid="10" />
                <SequencePoint vc="250" uspid="173" ordinal="2" offset="4" sl="69" sc="4" el="69" ec="74" bec="2" bev="2" fileid="10" />
                <SequencePoint vc="6" uspid="174" ordinal="3" offset="39" sl="70" sc="5" el="70" ec="18" bec="0" bev="0" fileid="10" />
                <SequencePoint vc="244" uspid="175" ordinal="4" offset="43" sl="72" sc="4" el="72" ec="12" bec="0" bev="0" fileid="10" />
                <SequencePoint vc="1701" uspid="176" ordinal="5" offset="51" sl="75" sc="5" el="75" ec="13" bec="0" bev="0" fileid="10" />
                <SequencePoint vc="1945" uspid="177" ordinal="6" offset="57" sl="74" sc="4" el="74" ec="77" bec="2" bev="2" fileid="10" />
                <SequencePoint vc="244" uspid="178" ordinal="7" offset="88" sl="77" sc="4" el="77" ec="63" bec="0" bev="0" fileid="10" />
                <SequencePoint vc="250" uspid="179" ordinal="8" offset="119" sl="78" sc="3" el="78" ec="4" bec="0" bev="0" fileid="10" />
              </SequencePoints>
              <BranchPoints>
                <BranchPoint vc="6" uspid="182" ordinal="2" offset="37" sl="69" path="0" offsetend="39" fileid="10" />
                <BranchPoint vc="244" uspid="183" ordinal="3" offset="37" sl="69" path="1" offsetend="43" fileid="10" />
                <BranchPoint vc="244" uspid="186" ordinal="6" offset="86" sl="74" path="0" offsetend="88" fileid="10" />
                <BranchPoint vc="1701" uspid="187" ordinal="7" offset="86" sl="74" path="1" offsetend="51" fileid="10" />
              </BranchPoints>
              <MethodPoint xsi:type="SequencePoint" vc="250" uspid="171" ordinal="0" offset="0" sl="66" sc="3" el="66" ec="4" bec="0" bev="0" fileid="10" />
            </Method>
            <Method visited="true" cyclomaticComplexity="9" nPathComplexity="64" sequenceCoverage="89.47" branchCoverage="92.31" isConstructor="false" isStatic="true" isGetter="false" isSetter="false">
              <Summary numSequencePoints="19" visitedSequencePoints="17" numBranchPoints="13" visitedBranchPoints="12" sequenceCoverage="89.47" branchCoverage="92.31" maxCyclomaticComplexity="9" minCyclomaticComplexity="9" visitedClasses="0" numClasses="0" visitedMethods="1" numMethods="1" />
              <MetadataToken>100663308</MetadataToken>
              <Name>System.Boolean EmailValidation.EmailValidator::SkipDomain(System.String,System.Int32&amp;,System.Boolean,System.Boolean)</Name>
              <FileRef uid="10" />
              <SequencePoints>
                <SequencePoint vc="117" uspid="190" ordinal="0" offset="0" sl="81" sc="3" el="81" ec="4" bec="0" bev="0" fileid="10" />
                <SequencePoint vc="117" uspid="191" ordinal="1" offset="1" sl="82" sc="4" el="82" ec="61" bec="2" bev="2" fileid="10" />
                <SequencePoint vc="8" uspid="192" ordinal="2" offset="16" sl="83" sc="5" el="83" ec="18" bec="0" bev="0" fileid="10" />
                <SequencePoint vc="109" uspid="193" ordinal="3" offset="23" sl="85" sc="4" el="85" ec="50" bec="2" bev="2" fileid="10" />
                <SequencePoint vc="103" uspid="194" ordinal="4" offset="52" sl="85" sc="51" el="85" ec="52" bec="0" bev="0" fileid="10" />
                <SequencePoint vc="135" uspid="195" ordinal="5" offset="53" sl="86" sc="8" el="86" ec="9" bec="0" bev="0" fileid="10" />
                <SequencePoint vc="135" uspid="196" ordinal="6" offset="54" sl="87" sc="6" el="87" ec="14" bec="0" bev="0" fileid="10" />
                <SequencePoint vc="135" uspid="197" ordinal="7" offset="60" sl="89" sc="6" el="89" ec="31" bec="2" bev="2" fileid="10" />
                <SequencePoint vc="2" uspid="198" ordinal="8" offset="74" sl="90" sc="7" el="90" ec="20" bec="0" bev="0" fileid="10" />
                <SequencePoint vc="133" uspid="199" ordinal="9" offset="78" sl="92" sc="6" el="92" ec="63" bec="2" bev="2" fileid="10" />
                <SequencePoint vc="2" uspid="200" ordinal="10" offset="95" sl="93" sc="7" el="93" ec="20" bec="0" bev="0" fileid="10" />
                <SequencePoint vc="131" uspid="201" ordinal="11" offset="99" sl="94" sc="5" el="94" ec="6" bec="0" bev="0" fileid="10" />
                <SequencePoint vc="131" uspid="202" ordinal="12" offset="100" sl="94" sc="7" el="94" ec="57" bec="2" bev="2" fileid="10" />
                <SequencePoint vc="99" uspid="203" ordinal="13" offset="131" sl="95" sc="4" el="95" ec="5" bec="0" bev="0" fileid="10" />
                <SequencePoint vc="6" uspid="204" ordinal="14" offset="134" sl="95" sc="11" el="95" ec="37" bec="2" bev="1" fileid="10" />
                <SequencePoint vc="0" uspid="205" ordinal="15" offset="144" sl="95" sc="38" el="95" ec="39" bec="0" bev="0" fileid="10" />
                <SequencePoint vc="0" uspid="206" ordinal="16" offset="145" sl="96" sc="5" el="96" ec="18" bec="0" bev="0" fileid="10" />
                <SequencePoint vc="105" uspid="207" ordinal="17" offset="149" sl="99" sc="4" el="99" ec="16" bec="0" bev="0" fileid="10" />
                <SequencePoint vc="117" uspid="208" ordinal="18" offset="153" sl="100" sc="3" el="100" ec="4" bec="0" bev="0" fileid="10" />
              </SequencePoints>
              <BranchPoints>
                <BranchPoint vc="8" uspid="209" ordinal="0" offset="14" sl="82" path="0" offsetend="16" fileid="10" />
                <BranchPoint vc="109" uspid="210" ordinal="1" offset="14" sl="82" path="1" offsetend="23" fileid="10" />
                <BranchPoint vc="103" uspid="213" ordinal="4" offset="50" sl="85" path="0" offsetend="52" fileid="10" />
                <BranchPoint vc="6" uspid="214" ordinal="5" offset="50" sl="85" path="1" offsetend="134" fileid="10" />
                <BranchPoint vc="2" uspid="215" ordinal="6" offset="72" sl="89" path="0" offsetend="74" fileid="10" />
                <BranchPoint vc="133" uspid="216" ordinal="7" offset="72" sl="89" path="1" offsetend="78" fileid="10" />
                <BranchPoint vc="2" uspid="217" ordinal="8" offset="93" sl="92" path="0" offsetend="95" fileid="10" />
                <BranchPoint vc="131" uspid="218" ordinal="9" offset="93" sl="92" path="1" offsetend="99" fileid="10" />
                <BranchPoint vc="99" uspid="221" ordinal="12" offset="129" sl="94" path="0" offsetend="131" fileid="10" />
                <BranchPoint vc="32" uspid="222" ordinal="13" offset="129" sl="94" path="1" offsetend="53" fileid="10" />
                <BranchPoint vc="0" uspid="223" ordinal="14" offset="142" sl="95" path="0" offsetend="144" fileid="10" />
                <BranchPoint vc="6" uspid="224" ordinal="15" offset="142" sl="95" path="1" offsetend="149" fileid="10" />
              </BranchPoints>
              <MethodPoint xsi:type="SequencePoint" vc="117" uspid="190" ordinal="0" offset="0" sl="81" sc="3" el="81" ec="4" bec="0" bev="0" fileid="10" />
            </Method>
            <Method visited="true" cyclomaticComplexity="9" nPathComplexity="64" sequenceCoverage="92.31" branchCoverage="76.92" isConstructor="false" isStatic="true" isGetter="false" isSetter="false">
              <Summary numSequencePoints="26" visitedSequencePoints="24" numBranchPoints="13" visitedBranchPoints="10" sequenceCoverage="92.31" branchCoverage="76.92" maxCyclomaticComplexity="9" minCyclomaticComplexity="9" visitedClasses="0" numClasses="0" visitedMethods="1" numMethods="1" />
              <MetadataToken>100663309</MetadataToken>
              <Name>System.Boolean EmailValidation.EmailValidator::SkipQuoted(System.String,System.Int32&amp;,System.Boolean)</Name>
              <FileRef uid="10" />
              <SequencePoints>
                <SequencePoint vc="28" uspid="225" ordinal="0" offset="0" sl="103" sc="3" el="103" ec="4" bec="0" bev="0" fileid="10" />
                <SequencePoint vc="28" uspid="226" ordinal="1" offset="1" sl="104" sc="4" el="104" ec="24" bec="0" bev="0" fileid="10" />
                <SequencePoint vc="28" uspid="227" ordinal="2" offset="3" sl="107" sc="4" el="107" ec="12" bec="0" bev="0" fileid="10" />
                <SequencePoint vc="486" uspid="228" ordinal="3" offset="11" sl="109" sc="32" el="109" ec="33" bec="0" bev="0" fileid="10" />
                <SequencePoint vc="486" uspid="229" ordinal="4" offset="12" sl="110" sc="5" el="110" ec="51" bec="2" bev="1" fileid="10" />
                <SequencePoint vc="0" uspid="230" ordinal="5" offset="38" sl="111" sc="6" el="111" ec="19" bec="0" bev="0" fileid="10" />
                <SequencePoint vc="486" uspid="231" ordinal="6" offset="45" sl="113" sc="5" el="113" ec="29" bec="2" bev="2" fileid="10" />
                <SequencePoint vc="42" uspid="232" ordinal="7" offset="61" sl="113" sc="30" el="113" ec="31" bec="0" bev="0" fileid="10" />
                <SequencePoint vc="42" uspid="233" ordinal="8" offset="62" sl="114" sc="6" el="114" ec="25" bec="0" bev="0" fileid="10" />
                <SequencePoint vc="42" uspid="234" ordinal="9" offset="67" sl="115" sc="5" el="115" ec="6" bec="0" bev="0" fileid="10" />
                <SequencePoint vc="444" uspid="235" ordinal="10" offset="70" sl="115" sc="12" el="115" ec="25" bec="2" bev="2" fileid="10" />
                <SequencePoint vc="414" uspid="236" ordinal="11" offset="80" sl="115" sc="26" el="115" ec="27" bec="0" bev="0" fileid="10" />
                <SequencePoint vc="414" uspid="237" ordinal="12" offset="81" sl="116" sc="6" el="116" ec="29" bec="2" bev="2" fileid="10" />
                <SequencePoint vc="28" uspid="238" ordinal="13" offset="99" sl="117" sc="7" el="117" ec="13" bec="0" bev="0" fileid="10" />
                <SequencePoint vc="386" uspid="239" ordinal="14" offset="101" sl="118" sc="5" el="118" ec="6" bec="0" bev="0" fileid="10" />
                <SequencePoint vc="30" uspid="240" ordinal="15" offset="104" sl="118" sc="12" el="118" ec="13" bec="0" bev="0" fileid="10" />
                <SequencePoint vc="30" uspid="241" ordinal="16" offset="105" sl="119" sc="6" el="119" ec="22" bec="0" bev="0" fileid="10" />
                <SequencePoint vc="30" uspid="242" ordinal="17" offset="107" sl="120" sc="5" el="120" ec="6" bec="0" bev="0" fileid="10" />
                <SequencePoint vc="458" uspid="243" ordinal="18" offset="108" sl="122" sc="5" el="122" ec="13" bec="0" bev="0" fileid="10" />
                <SequencePoint vc="458" uspid="244" ordinal="19" offset="114" sl="123" sc="4" el="123" ec="5" bec="0" bev="0" fileid="10" />
                <SequencePoint vc="486" uspid="245" ordinal="20" offset="115" sl="109" sc="4" el="109" ec="31" bec="2" bev="1" fileid="10" />
                <SequencePoint vc="28" uspid="246" ordinal="21" offset="131" sl="125" sc="4" el="125" ec="51" bec="2" bev="1" fileid="10" />
                <SequencePoint vc="0" uspid="247" ordinal="22" offset="165" sl="126" sc="5" el="126" ec="18" bec="0" bev="0" fileid="10" />
                <SequencePoint vc="28" uspid="248" ordinal="23" offset="169" sl="128" sc="4" el="128" ec="12" bec="0" bev="0" fileid="10" />
                <SequencePoint vc="28" uspid="249" ordinal="24" offset="175" sl="130" sc="4" el="130" ec="16" bec="0" bev="0" fileid="10" />
                <SequencePoint vc="28" uspid="250" ordinal="25" offset="179" sl="131" sc="3" el="131" ec="4" bec="0" bev="0" fileid="10" />
              </SequencePoints>
              <BranchPoints>
                <BranchPoint vc="0" uspid="253" ordinal="2" offset="36" sl="110" path="0" offsetend="38" fileid="10" />
                <BranchPoint vc="486" uspid="254" ordinal="3" offset="36" sl="110" path="1" offsetend="45" fileid="10" />
                <BranchPoint vc="42" uspid="255" ordinal="4" offset="59" sl="113" path="0" offsetend="61" fileid="10" />
                <BranchPoint vc="444" uspid="256" ordinal="5" offset="59" sl="113" path="1" offsetend="70" fileid="10" />
                <BranchPoint vc="414" uspid="257" ordinal="6" offset="78" sl="115" path="0" offsetend="80" fileid="10" />
                <BranchPoint vc="30" uspid="258" ordinal="7" offset="78" sl="115" path="1" offsetend="104" fileid="10" />
                <BranchPoint vc="28" uspid="259" ordinal="8" offset="97" sl="116" path="0" offsetchain="99" offsetend="131" fileid="10" />
                <BranchPoint vc="386" uspid="260" ordinal="9" offset="97" sl="116" path="1" offsetend="101" fileid="10" />
                <BranchPoint vc="0" uspid="261" ordinal="10" offset="129" sl="109" path="0" offsetend="131" fileid="10" />
                <BranchPoint vc="486" uspid="262" ordinal="11" offset="129" sl="109" path="1" offsetend="11" fileid="10" />
                <BranchPoint vc="0" uspid="265" ordinal="14" offset="163" sl="125" path="0" offsetend="165" fileid="10" />
[...]
              </SequencePoints>
              <BranchPoints />
              <MethodPoint xsi:type="SequencePoint" vc="0" uspid="752" ordinal="0" offset="0" sl="383" sc="17" el="383" ec="108" bec="0" bev="0" fileid="24" />
            </Method>
            <Method visited="false" cyclomaticComplexity="1" nPathComplexity="0" sequenceCoverage="0" branchCoverage="0" isConstructor="false" isStatic="true" isGetter="true" isSetter="false">
              <Summary numSequencePoints="1" visitedSequencePoints="0" numBranchPoints="1" visitedBranchPoints="0" sequenceCoverage="0" branchCoverage="0" maxCyclomaticComplexity="1" minCyclomaticComplexity="1" visitedClasses="0" numClasses="0" visitedMethods="0" numMethods="1" />
              <MetadataToken>100663385</MetadataToken>
              <Name>System.String System.ComponentModel.DataAnnotations.Resources.DataAnnotationsResources::get_StringLengthAttribute_ValidationErrorIncludingMinimum()</Name>
              <FileRef uid="24" />
              <SequencePoints>
                <SequencePoint vc="0" uspid="753" ordinal="0" offset="0" sl="392" sc="17" el="392" ec="124" bec="0" bev="0" fileid="24" />
              </SequencePoints>
              <BranchPoints />
              <MethodPoint xsi:type="SequencePoint" vc="0" uspid="753" ordinal="0" offset="0" sl="392" sc="17" el="392" ec="124" bec="0" bev="0" fileid="24" />
            </Method>
            <Method visited="false" cyclomaticComplexity="1" nPathComplexity="0" sequenceCoverage="0" branchCoverage="0" isConstructor="false" isStatic="true" isGetter="true" isSetter="false">
              <Summary numSequencePoints="1" visitedSequencePoints="0" numBranchPoints="1" visitedBranchPoints="0" sequenceCoverage="0" branchCoverage="0" maxCyclomaticComplexity="1" minCyclomaticComplexity="1" visitedClasses="0" numClasses="0" visitedMethods="0" numMethods="1" />
              <MetadataToken>100663386</MetadataToken>
              <Name>System.String System.ComponentModel.DataAnnotations.Resources.DataAnnotationsResources::get_UIHintImplementation_ControlParameterKeyIsNotAString()</Name>
              <FileRef uid="24" />
              <SequencePoints>
                <SequencePoint vc="0" uspid="754" ordinal="0" offset="0" sl="401" sc="17" el="401" ec="123" bec="0" bev="0" fileid="24" />
              </SequencePoints>
              <BranchPoints />
              <MethodPoint xsi:type="SequencePoint" vc="0" uspid="754" ordinal="0" offset="0" sl="401" sc="17" el="401" ec="123" bec="0" bev="0" fileid="24" />
            </Method>
            <Method visited="false" cyclomaticComplexity="1" nPathComplexity="0" sequenceCoverage="0" branchCoverage="0" isConstructor="false" isStatic="true" isGetter="true" isSetter="false">
              <Summary numSequencePoints="1" visitedSequencePoints="0" numBranchPoints="1" visitedBranchPoints="0" sequenceCoverage="0" branchCoverage="0" maxCyclomaticComplexity="1" minCyclomaticComplexity="1" visitedClasses="0" numClasses="0" visitedMethods="0" numMethods="1" />
              <MetadataToken>100663387</MetadataToken>
              <Name>System.String System.ComponentModel.DataAnnotations.Resources.DataAnnotationsResources::get_UIHintImplementation_ControlParameterKeyIsNull()</Name>
              <FileRef uid="24" />
              <SequencePoints>
                <SequencePoint vc="0" uspid="755" ordinal="0" offset="0" sl="410" sc="17" el="410" ec="117" bec="0" bev="0" fileid="24" />
              </SequencePoints>
              <BranchPoints />
              <MethodPoint xsi:type="SequencePoint" vc="0" uspid="755" ordinal="0" offset="0" sl="410" sc="17" el="410" ec="117" bec="0" bev="0" fileid="24" />
            </Method>
            <Method visited="false" cyclomaticComplexity="1" nPathComplexity="0" sequenceCoverage="0" branchCoverage="0" isConstructor="false" isStatic="true" isGetter="true" isSetter="false">
              <Summary numSequencePoints="1" visitedSequencePoints="0" numBranchPoints="1" visitedBranchPoints="0" sequenceCoverage="0" branchCoverage="0" maxCyclomaticComplexity="1" minCyclomaticComplexity="1" visitedClasses="0" numClasses="0" visitedMethods="0" numMethods="1" />
              <MetadataToken>100663388</MetadataToken>
              <Name>System.String System.ComponentModel.DataAnnotations.Resources.DataAnnotationsResources::get_UIHintImplementation_ControlParameterKeyOccursMoreThanOnce()</Name>
              <FileRef uid="24" />
              <SequencePoints>
                <SequencePoint vc="0" uspid="756" ordinal="0" offset="0" sl="419" sc="17" el="419" ec="129" bec="0" bev="0" fileid="24" />
              </SequencePoints>
              <BranchPoints />
              <MethodPoint xsi:type="SequencePoint" vc="0" uspid="756" ordinal="0" offset="0" sl="419" sc="17" el="419" ec="129" bec="0" bev="0" fileid="24" />
            </Method>
            <Method visited="false" cyclomaticComplexity="1" nPathComplexity="0" sequenceCoverage="0" branchCoverage="0" isConstructor="false" isStatic="true" isGetter="true" isSetter="false">
              <Summary numSequencePoints="1" visitedSequencePoints="0" numBranchPoints="1" visitedBranchPoints="0" sequenceCoverage="0" branchCoverage="0" maxCyclomaticComplexity="1" minCyclomaticComplexity="1" visitedClasses="0" numClasses="0" visitedMethods="0" numMethods="1" />
              <MetadataToken>100663389</MetadataToken>
              <Name>System.String System.ComponentModel.DataAnnotations.Resources.DataAnnotationsResources::get_UIHintImplementation_NeedEvenNumberOfControlParameters()</Name>
              <FileRef uid="24" />
              <SequencePoints>
                <SequencePoint vc="0" uspid="757" ordinal="0" offset="0" sl="428" sc="17" el="428" ec="125" bec="0" bev="0" fileid="24" />
              </SequencePoints>
              <BranchPoints />
              <MethodPoint xsi:type="SequencePoint" vc="0" uspid="757" ordinal="0" offset="0" sl="428" sc="17" el="428" ec="125" bec="0" bev="0" fileid="24" />
            </Method>
            <Method visited="false" cyclomaticComplexity="1" nPathComplexity="0" sequenceCoverage="0" branchCoverage="0" isConstructor="false" isStatic="true" isGetter="true" isSetter="false">
              <Summary numSequencePoints="1" visitedSequencePoints="0" numBranchPoints="1" visitedBranchPoints="0" sequenceCoverage="0" branchCoverage="0" maxCyclomaticComplexity="1" minCyclomaticComplexity="1" visitedClasses="0" numClasses="0" visitedMethods="0" numMethods="1" />
              <MetadataToken>100663390</MetadataToken>
              <Name>System.String System.ComponentModel.DataAnnotations.Resources.DataAnnotationsResources::get_UrlAttribute_Invalid()</Name>
              <FileRef uid="24" />
              <SequencePoints>
                <SequencePoint vc="0" uspid="758" ordinal="0" offset="0" sl="437" sc="17" el="437" ec="91" bec="0" bev="0" fileid="24" />
              </SequencePoints>
              <BranchPoints />
              <MethodPoint xsi:type="SequencePoint" vc="0" uspid="758" ordinal="0" offset="0" sl="437" sc="17" el="437" ec="91" bec="0" bev="0" fileid="24" />
            </Method>
            <Method visited="false" cyclomaticComplexity="1" nPathComplexity="0" sequenceCoverage="0" branchCoverage="0" isConstructor="false" isStatic="true" isGetter="true" isSetter="false">
              <Summary numSequencePoints="1" visitedSequencePoints="0" numBranchPoints="1" visitedBranchPoints="0" sequenceCoverage="0" branchCoverage="0" maxCyclomaticComplexity="1" minCyclomaticComplexity="1" visitedClasses="0" numClasses="0" visitedMethods="0" numMethods="1" />
              <MetadataToken>100663391</MetadataToken>
              <Name>System.String System.ComponentModel.DataAnnotations.Resources.DataAnnotationsResources::get_ValidationAttribute_Cannot_Set_ErrorMessage_And_Resource()</Name>
              <FileRef uid="24" />
              <SequencePoints>
                <SequencePoint vc="0" uspid="759" ordinal="0" offset="0" sl="446" sc="17" el="446" ec="127" bec="0" bev="0" fileid="24" />
              </SequencePoints>
              <BranchPoints />
              <MethodPoint xsi:type="SequencePoint" vc="0" uspid="759" ordinal="0" offset="0" sl="446" sc="17" el="446" ec="127" bec="0" bev="0" fileid="24" />
            </Method>
            <Method visited="false" cyclomaticComplexity="1" nPathComplexity="0" sequenceCoverage="0" branchCoverage="0" isConstructor="false" isStatic="true" isGetter="true" isSetter="false">
              <Summary numSequencePoints="1" visitedSequencePoints="0" numBranchPoints="1" visitedBranchPoints="0" sequenceCoverage="0" branchCoverage="0" maxCyclomaticComplexity="1" minCyclomaticComplexity="1" visitedClasses="0" numClasses="0" visitedMethods="0" numMethods="1" />
              <MetadataToken>100663392</MetadataToken>
              <Name>System.String System.ComponentModel.DataAnnotations.Resources.DataAnnotationsResources::get_ValidationAttribute_IsValid_NotImplemented()</Name>
              <FileRef uid="24" />
              <SequencePoints>
                <SequencePoint vc="0" uspid="760" ordinal="0" offset="0" sl="455" sc="17" el="455" ec="113" bec="0" bev="0" fileid="24" />
              </SequencePoints>
              <BranchPoints />
              <MethodPoint xsi:type="SequencePoint" vc="0" uspid="760" ordinal="0" offset="0" sl="455" sc="17" el="455" ec="113" bec="0" bev="0" fileid="24" />
            </Method>
            <Method visited="false" cyclomaticComplexity="1" nPathComplexity="0" sequenceCoverage="0" branchCoverage="0" isConstructor="false" isStatic="true" isGetter="true" isSetter="false">
              <Summary numSequencePoints="1" visitedSequencePoints="0" numBranchPoints="1" visitedBranchPoints="0" sequenceCoverage="0" branchCoverage="0" maxCyclomaticComplexity="1" minCyclomaticComplexity="1" visitedClasses="0" numClasses="0" visitedMethods="0" numMethods="1" />
              <MetadataToken>100663393</MetadataToken>
              <Name>System.String System.ComponentModel.DataAnnotations.Resources.DataAnnotationsResources::get_ValidationAttribute_NeedBothResourceTypeAndResourceName()</Name>
              <FileRef uid="24" />
              <SequencePoints>
                <SequencePoint vc="0" uspid="761" ordinal="0" offset="0" sl="464" sc="17" el="464" ec="126" bec="0" bev="0" fileid="24" />
              </SequencePoints>
              <BranchPoints />
              <MethodPoint xsi:type="SequencePoint" vc="0" uspid="761" ordinal="0" offset="0" sl="464" sc="17" el="464" ec="126" bec="0" bev="0" fileid="24" />
            </Method>
            <Method visited="false" cyclomaticComplexity="1" nPathComplexity="0" sequenceCoverage="0" branchCoverage="0" isConstructor="false" isStatic="true" isGetter="true" isSetter="false">
              <Summary numSequencePoints="1" visitedSequencePoints="0" numBranchPoints="1" visitedBranchPoints="0" sequenceCoverage="0" branchCoverage="0" maxCyclomaticComplexity="1" minCyclomaticComplexity="1" visitedClasses="0" numClasses="0" visitedMethods="0" numMethods="1" />
              <MetadataToken>100663394</MetadataToken>
              <Name>System.String System.ComponentModel.DataAnnotations.Resources.DataAnnotationsResources::get_ValidationAttribute_ResourcePropertyNotStringType()</Name>
              <FileRef uid="24" />
              <SequencePoints>
                <SequencePoint vc="0" uspid="762" ordinal="0" offset="0" sl="473" sc="17" el="473" ec="120" bec="0" bev="0" fileid="24" />
              </SequencePoints>
              <BranchPoints />
              <MethodPoint xsi:type="SequencePoint" vc="0" uspid="762" ordinal="0" offset="0" sl="473" sc="17" el="473" ec="120" bec="0" bev="0" fileid="24" />
            </Method>
            <Method visited="false" cyclomaticComplexity="1" nPathComplexity="0" sequenceCoverage="0" branchCoverage="0" isConstructor="false" isStatic="true" isGetter="true" isSetter="false">
              <Summary numSequencePoints="1" visitedSequencePoints="0" numBranchPoints="1" visitedBranchPoints="0" sequenceCoverage="0" branchCoverage="0" maxCyclomaticComplexity="1" minCyclomaticComplexity="1" visitedClasses="0" numClasses="0" visitedMethods="0" numMethods="1" />
              <MetadataToken>100663395</MetadataToken>
              <Name>System.String System.ComponentModel.DataAnnotations.Resources.DataAnnotationsResources::get_ValidationAttribute_ResourceTypeDoesNotHaveProperty()</Name>
              <FileRef uid="24" />
              <SequencePoints>
                <SequencePoint vc="0" uspid="763" ordinal="0" offset="0" sl="482" sc="17" el="482" ec="122" bec="0" bev="0" fileid="24" />
              </SequencePoints>
              <BranchPoints />
              <MethodPoint xsi:type="SequencePoint" vc="0" uspid="763" ordinal="0" offset="0" sl="482" sc="17" el="482" ec="122" bec="0" bev="0" fileid="24" />
            </Method>
            <Method visited="false" cyclomaticComplexity="1" nPathComplexity="0" sequenceCoverage="0" branchCoverage="0" isConstructor="false" isStatic="true" isGetter="true" isSetter="false">
              <Summary numSequencePoints="1" visitedSequencePoints="0" numBranchPoints="1" visitedBranchPoints="0" sequenceCoverage="0" branchCoverage="0" maxCyclomaticComplexity="1" minCyclomaticComplexity="1" visitedClasses="0" numClasses="0" visitedMethods="0" numMethods="1" />
              <MetadataToken>100663396</MetadataToken>
              <Name>System.String System.ComponentModel.DataAnnotations.Resources.DataAnnotationsResources::get_ValidationAttribute_ValidationError()</Name>
              <FileRef uid="24" />
              <SequencePoints>
                <SequencePoint vc="0" uspid="764" ordinal="0" offset="0" sl="491" sc="17" el="491" ec="106" bec="0" bev="0" fileid="24" />
              </SequencePoints>
              <BranchPoints />
              <MethodPoint xsi:type="SequencePoint" vc="0" uspid="764" ordinal="0" offset="0" sl="491" sc="17" el="491" ec="106" bec="0" bev="0" fileid="24" />
            </Method>
            <Method visited="false" cyclomaticComplexity="1" nPathComplexity="0" sequenceCoverage="0" branchCoverage="0" isConstructor="false" isStatic="true" isGetter="true" isSetter="false">
              <Summary numSequencePoints="1" visitedSequencePoints="0" numBranchPoints="1" visitedBranchPoints="0" sequenceCoverage="0" branchCoverage="0" maxCyclomaticComplexity="1" minCyclomaticComplexity="1" visitedClasses="0" numClasses="0" visitedMethods="0" numMethods="1" />
              <MetadataToken>100663397</MetadataToken>
              <Name>System.String System.ComponentModel.DataAnnotations.Resources.DataAnnotationsResources::get_ValidationContext_Must_Be_Method()</Name>
              <FileRef uid="24" />
              <SequencePoints>
                <SequencePoint vc="0" uspid="765" ordinal="0" offset="0" sl="500" sc="17" el="500" ec="103" bec="0" bev="0" fileid="24" />
              </SequencePoints>
              <BranchPoints />
              <MethodPoint xsi:type="SequencePoint" vc="0" uspid="765" ordinal="0" offset="0" sl="500" sc="17" el="500" ec="103" bec="0" bev="0" fileid="24" />
            </Method>
            <Method visited="false" cyclomaticComplexity="1" nPathComplexity="0" sequenceCoverage="0" branchCoverage="0" isConstructor="false" isStatic="true" isGetter="true" isSetter="false">
              <Summary numSequencePoints="1" visitedSequencePoints="0" numBranchPoints="1" visitedBranchPoints="0" sequenceCoverage="0" branchCoverage="0" maxCyclomaticComplexity="1" minCyclomaticComplexity="1" visitedClasses="0" numClasses="0" visitedMethods="0" numMethods="1" />
              <MetadataToken>100663398</MetadataToken>
              <Name>System.String System.ComponentModel.DataAnnotations.Resources.DataAnnotationsResources::get_ValidationContextServiceContainer_ItemAlreadyExists()</Name>
              <FileRef uid="24" />
              <SequencePoints>
                <SequencePoint vc="0" uspid="766" ordinal="0" offset="0" sl="509" sc="17" el="509" ec="122" bec="0" bev="0" fileid="24" />
              </SequencePoints>
              <BranchPoints />
              <MethodPoint xsi:type="SequencePoint" vc="0" uspid="766" ordinal="0" offset="0" sl="509" sc="17" el="509" ec="122" bec="0" bev="0" fileid="24" />
            </Method>
            <Method visited="false" cyclomaticComplexity="1" nPathComplexity="0" sequenceCoverage="0" branchCoverage="0" isConstructor="false" isStatic="true" isGetter="true" isSetter="false">
              <Summary numSequencePoints="1" visitedSequencePoints="0" numBranchPoints="1" visitedBranchPoints="0" sequenceCoverage="0" branchCoverage="0" maxCyclomaticComplexity="1" minCyclomaticComplexity="1" visitedClasses="0" numClasses="0" visitedMethods="0" numMethods="1" />
              <MetadataToken>100663399</MetadataToken>
              <Name>System.String System.ComponentModel.DataAnnotations.Resources.DataAnnotationsResources::get_Validator_InstanceMustMatchValidationContextInstance()</Name>
              <FileRef uid="24" />
              <SequencePoints>
                <SequencePoint vc="0" uspid="767" ordinal="0" offset="0" sl="518" sc="17" el="518" ec="123" bec="0" bev="0" fileid="24" />
              </SequencePoints>
              <BranchPoints />
              <MethodPoint xsi:type="SequencePoint" vc="0" uspid="767" ordinal="0" offset="0" sl="518" sc="17" el="518" ec="123" bec="0" bev="0" fileid="24" />
            </Method>
            <Method visited="false" cyclomaticComplexity="1" nPathComplexity="0" sequenceCoverage="0" branchCoverage="0" isConstructor="false" isStatic="true" isGetter="true" isSetter="false">
              <Summary numSequencePoints="1" visitedSequencePoints="0" numBranchPoints="1" visitedBranchPoints="0" sequenceCoverage="0" branchCoverage="0" maxCyclomaticComplexity="1" minCyclomaticComplexity="1" visitedClasses="0" numClasses="0" visitedMethods="0" numMethods="1" />
              <MetadataToken>100663400</MetadataToken>
              <Name>System.String System.ComponentModel.DataAnnotations.Resources.DataAnnotationsResources::get_Validator_Property_Value_Wrong_Type()</Name>
              <FileRef uid="24" />
              <SequencePoints>
                <SequencePoint vc="0" uspid="768" ordinal="0" offset="0" sl="527" sc="17" el="527" ec="106" bec="0" bev="0" fileid="24" />
              </SequencePoints>
              <BranchPoints />
              <MethodPoint xsi:type="SequencePoint" vc="0" uspid="768" ordinal="0" offset="0" sl="527" sc="17" el="527" ec="106" bec="0" bev="0" fileid="24" />
            </Method>
            <Method visited="false" cyclomaticComplexity="1" nPathComplexity="0" sequenceCoverage="0" branchCoverage="0" isConstructor="true" isStatic="false" isGetter="false" isSetter="false">
              <Summary numSequencePoints="2" visitedSequencePoints="0" numBranchPoints="1" visitedBranchPoints="0" sequenceCoverage="0" branchCoverage="0" maxCyclomaticComplexity="1" minCyclomaticComplexity="1" visitedClasses="0" numClasses="0" visitedMethods="0" numMethods="1" />
              <MetadataToken>100663345</MetadataToken>
              <Name>System.Void System.ComponentModel.DataAnnotations.Resources.DataAnnotationsResources::.ctor()</Name>
              <FileRef uid="24" />
              <SequencePoints>
                <SequencePoint vc="0" uspid="769" ordinal="0" offset="0" sl="31" sc="9" el="32" ec="44" bec="0" bev="0" fileid="24" />
                <SequencePoint vc="0" uspid="770" ordinal="1" offset="6" sl="33" sc="9" el="33" ec="10" bec="0" bev="0" fileid="24" />
              </SequencePoints>
              <BranchPoints />
              <MethodPoint xsi:type="SequencePoint" vc="0" uspid="769" ordinal="0" offset="0" sl="31" sc="9" el="32" ec="44" bec="0" bev="0" fileid="24" />
            </Method>
          </Methods>
        </Class>
      </Classes>
    </Module>
  </Modules>
</CoverageSession>